<html xmlns:math="http://exslt.org/math" xmlns:testng="http://testng.org">
   <head>
      <title>TestNG Results</title>
      <meta http-equiv="content-type" content="text/html; charset=utf-8"></meta>
      <meta http-equiv="pragma" content="no-cache"></meta>
      <meta http-equiv="cache-control" content="max-age=0"></meta>
      <meta http-equiv="cache-control" content="no-cache"></meta>
      <meta http-equiv="cache-control" content="no-store"></meta>
      <LINK rel="stylesheet" href="style.css"></LINK>
      <script type="text/javascript" src="main.js"></script>
   </head>
   <body>
      <table width="100%" style="font-size: 16px; margin-bottom: 10px;" cellspacing="1">
         <tr>
            <td width="100%">
               Test case
               
               <b>HomePageTest</b>
            </td>
            <td style="background-color: #FFBBBB; padding: 3px 3px 3px 0;" align="center">
               <div style="width: 50px;">4</div>
            </td>
            <td style="background-color: lightgreen; padding: 3px 3px 3px 0;" align="center">
               <div style="width: 50px;">10</div>
            </td>
            <td style="background-color: #FFFFBB; padding: 3px 3px 3px 0;" align="center">
               <div style="width: 50px;">0</div>
            </td>
            <td align="center" style="background-color: #eaf0f7; padding: 3px 3px 3px 0;">
               <div style="width: 50px;">14</div>
            </td>
            <td align="center"
                style="font-weight: bold; background-color: #eaf0f7; padding: 3px 3px 3px 0;">
               <div style="width: 50px;">71%</div>
            </td>
            <td style="background-color: #eaf0f7; padding: 3px 3px 3px 0;" align="center"
                nowrap="true">5m
               14s
               
            </td>
         </tr>
      </table>
      <div style="width: 200px;">
         <label for="groupMethodsCheckBox" style="font-weight: bold; margin: 0;">
            <input id="groupMethodsCheckBox" type="checkbox" onclick="switchTestMethodsView(this)"></input>
            Group by class
            
         </label>
         <br></br>
         <label for="methodsFilter_ALL" style="font-weight: bold; margin: 0;">
            <input id="methodsFilter_ALL" type="checkbox"
                   onclick="testMethodsFilterChanged(this, 'ALL')"></input>
            All
            
         </label>
      </div>
      <label for="methodsFilter_FAIL" style="margin-left: 20px;">
         <input id="methodsFilter_FAIL" type="checkbox"
                onclick="testMethodsFilterChanged(this, 'FAIL')"
                checked=""></input>
         Failed
         
      </label>
      <label for="methodsFilter_PASS">
         <input id="methodsFilter_PASS" type="checkbox"
                onclick="testMethodsFilterChanged(this, 'PASS')"
                checked=""></input>
         Passed
         
      </label>
      <label for="methodsFilter_SKIP">
         <input id="methodsFilter_SKIP" type="checkbox"
                onclick="testMethodsFilterChanged(this, 'SKIP')"
                checked=""></input>
         Skipped
         
      </label>
      <label for="methodsFilter_CONF">
         <input id="methodsFilter_CONF" type="checkbox"
                onclick="testMethodsFilterChanged(this, 'CONF')"></input>
         Config
         
      </label>
      <br></br>
      <div id="testMethodsByStatus">
         <table class="testMethodsTable" cellpadding="0" cellspacing="0">
            <tr class="methodsTableHeader">
               <td width="100%">Name</td>
               <td nowrap="true">Started</td>
               <td nowrap="true">Duration</td>
               <td>Exception</td>
            </tr>
            <tr id="com.etiam.testcase.TestSuitOne_test_PrinciplesOfCRM_byStatus_failed_FAIL1_row"
                class="testMethodStatusFAIL">
               <td width="100%" class="firstMethodCell">
                  <a onclick="toggleDetailsVisibility('com.etiam.testcase.TestSuitOne_test_PrinciplesOfCRM_byStatus_failed_FAIL1_details')">test_PrinciplesOfCRM()</a>
               </td>
               <td nowrap="true">07:06:27</td>
               <td nowrap="true" align="right">51s
                  
               </td>
               <td nowrap="true">
                  <a onclick="toggleDetailsVisibility('com.etiam.testcase.TestSuitOne_test_PrinciplesOfCRM_byStatus_failed_FAIL1_exception')">org.openqa.selenium.NoSuchElementException: 
                     Unable to locate element: {"method":"xpath","selector":"Capabilities_img_1"}
                     Command duration or timeout: 50.40 seconds
                     For documentation on this error, please visit: http://seleniumhq.org/exceptions/no_such_element.html
                     Build info: version: '2.45.0', revision: '32a636c', time: '2015-03-05 22:01:35'
                     System info: host: 'Raghvendra-PC', ip: '192.168.100.103', os.name: 'Windows 7', os.arch: 'amd64', os.version: '6.1', java.version:
                     '1.7.0_51'
                     *** Element info: {Using=xpath, value=Capabilities_img_1}
                     Session ID: 3cf7f388-274d-437c-b7fe-8baa040f79e4
                     Driver info: org.openqa.selenium.firefox.FirefoxDriver
                     Capabilities [{platform=WINDOWS, acceptSslCerts=true, javascriptEnabled=true, cssSelectorsEnabled=true, databaseEnabled=true,
                     browserName=firefox, handlesAlerts=true, nativeEvents=false, webStorageEnabled=true, rotatable=false, locationContextEnabled=true,
                     applicationCacheEnabled=true, takesScreenshot=true, version=38.0}]
                     
                  </a>
                   
                  
               </td>
            </tr>
            <tr>
               <td colspan="4" class="detailsBox">
                  <div id="com.etiam.testcase.TestSuitOne_test_PrinciplesOfCRM_byStatus_failed_FAIL1_details"
                       class="testMethodDetails">
                     <div>
                        <b>Name: </b>test_PrinciplesOfCRM
                     </div>
                     <div>
                        <b>Signature: </b>test_PrinciplesOfCRM()[pri:0, instance:com.etiam.testcase.TestSuitOne@6e955c85]
                     </div>
                     <div>
                        <b>Start time: </b>07:06:27
                     </div>
                     <div>
                        <b>End time: </b>07:07:18
                     </div>
                     <div>
                        <b>Duration: </b>51s
                        
                     </div>
                  </div>
               </td>
            </tr>
            <tr>
               <td colspan="4" class="detailsBox">
                  <div id="com.etiam.testcase.TestSuitOne_test_PrinciplesOfCRM_byStatus_failed_FAIL1_exception"
                       class="testMethodDetails">
                     <pre style="padding: 5px; margin: 0;">org.openqa.selenium.NoSuchElementException: Unable to locate element: {"method":"xpath","selector":"Capabilities_img_1"}
                        Command duration or timeout: 50.40 seconds
                        For documentation on this error, please visit: http://seleniumhq.org/exceptions/no_such_element.html
                        Build info: version: '2.45.0', revision: '32a636c', time: '2015-03-05 22:01:35'
                        System info: host: 'Raghvendra-PC', ip: '192.168.100.103', os.name: 'Windows 7', os.arch: 'amd64', os.version: '6.1', java.version:
                        '1.7.0_51'
                        *** Element info: {Using=xpath, value=Capabilities_img_1}
                        Session ID: 3cf7f388-274d-437c-b7fe-8baa040f79e4
                        Driver info: org.openqa.selenium.firefox.FirefoxDriver
                        Capabilities [{platform=WINDOWS, acceptSslCerts=true, javascriptEnabled=true, cssSelectorsEnabled=true, databaseEnabled=true,
                        browserName=firefox, handlesAlerts=true, nativeEvents=false, webStorageEnabled=true, rotatable=false, locationContextEnabled=true,
                        applicationCacheEnabled=true, takesScreenshot=true, version=38.0}]
                        	at sun.reflect.NativeConstructorAccessorImpl.newInstance0(Native Method)
                        	at sun.reflect.NativeConstructorAccessorImpl.newInstance(Unknown Source)
                        	at sun.reflect.DelegatingConstructorAccessorImpl.newInstance(Unknown Source)
                        	at java.lang.reflect.Constructor.newInstance(Unknown Source)
                        	at org.openqa.selenium.remote.ErrorHandler.createThrowable(ErrorHandler.java:204)
                        	at org.openqa.selenium.remote.ErrorHandler.throwIfResponseFailed(ErrorHandler.java:156)
                        	at org.openqa.selenium.remote.RemoteWebDriver.execute(RemoteWebDriver.java:599)
                        	at org.openqa.selenium.remote.RemoteWebDriver.findElement(RemoteWebDriver.java:352)
                        	at org.openqa.selenium.remote.RemoteWebDriver.findElementByXPath(RemoteWebDriver.java:449)
                        	at org.openqa.selenium.By$ByXPath.findElement(By.java:357)
                        	at org.openqa.selenium.remote.RemoteWebDriver.findElement(RemoteWebDriver.java:344)
                        	at com.etiam.testcase.TestSuitOne.test_PrinciplesOfCRM(TestSuitOne.java:231)
                        	at sun.reflect.NativeMethodAccessorImpl.invoke0(Native Method)
                        	at sun.reflect.NativeMethodAccessorImpl.invoke(Unknown Source)
                        	at sun.reflect.DelegatingMethodAccessorImpl.invoke(Unknown Source)
                        	at java.lang.reflect.Method.invoke(Unknown Source)
                        	at org.testng.internal.MethodInvocationHelper.invokeMethod(MethodInvocationHelper.java:84)
                        	at org.testng.internal.Invoker.invokeMethod(Invoker.java:714)
                        	at org.testng.internal.Invoker.invokeTestMethod(Invoker.java:901)
                        	at org.testng.internal.Invoker.invokeTestMethods(Invoker.java:1231)
                        	at org.testng.internal.TestMethodWorker.invokeTestMethods(TestMethodWorker.java:127)
                        	at org.testng.internal.TestMethodWorker.run(TestMethodWorker.java:111)
                        	at org.testng.TestRunner.privateRun(TestRunner.java:767)
                        	at org.testng.TestRunner.run(TestRunner.java:617)
                        	at org.testng.SuiteRunner.runTest(SuiteRunner.java:334)
                        	at org.testng.SuiteRunner.runSequentially(SuiteRunner.java:329)
                        	at org.testng.SuiteRunner.privateRun(SuiteRunner.java:291)
                        	at org.testng.SuiteRunner.run(SuiteRunner.java:240)
                        	at org.testng.SuiteRunnerWorker.runSuite(SuiteRunnerWorker.java:52)
                        	at org.testng.SuiteRunnerWorker.run(SuiteRunnerWorker.java:86)
                        	at org.testng.TestNG.runSuitesSequentially(TestNG.java:1224)
                        	at org.testng.TestNG.runSuitesLocally(TestNG.java:1149)
                        	at org.testng.TestNG.run(TestNG.java:1057)
                        	at org.testng.TestNG.privateMain(TestNG.java:1364)
                        	at org.testng.TestNG.main(TestNG.java:1333)
                        Caused by: org.openqa.selenium.NoSuchElementException: Unable to locate element: {"method":"xpath","selector":"Capabilities_img_1"}
                        For documentation on this error, please visit: http://seleniumhq.org/exceptions/no_such_element.html
                        Build info: version: '2.45.0', revision: '32a636c', time: '2015-03-05 22:01:35'
                        System info: host: 'Raghvendra-PC', ip: '192.168.100.103', os.name: 'Windows 7', os.arch: 'amd64', os.version: '6.1', java.version:
                        '1.7.0_51'
                        Driver info: driver.version: unknown
                        	at &lt;anonymous class&gt;.FirefoxDriver.prototype.findElementInternal_(file:///C:/Users/RAGHVE~1.JAD/AppData/Local/Temp/anonymous8181355552288509252webdriver-profile/extensions/fxdriver@googlecode.com/components/driver-component.js:10271)
                        	at &lt;anonymous class&gt;.fxdriver.Timer.prototype.setTimeout/&lt;.notify(file:///C:/Users/RAGHVE~1.JAD/AppData/Local/Temp/anonymous8181355552288509252webdriver-profile/extensions/fxdriver@googlecode.com/components/driver-component.js:603)
                     </pre>
                  </div>
               </td>
            </tr>
            <tr id="com.etiam.testcase.TestSuitOne_test_RefreshPageButton_byStatus_failed_FAIL2_row"
                class="testMethodStatusFAIL">
               <td width="100%" class="firstMethodCell">
                  <a onclick="toggleDetailsVisibility('com.etiam.testcase.TestSuitOne_test_RefreshPageButton_byStatus_failed_FAIL2_details')">test_RefreshPageButton()</a>
               </td>
               <td nowrap="true">07:07:18</td>
               <td nowrap="true" align="right">52s
                  
               </td>
               <td nowrap="true">
                  <a onclick="toggleDetailsVisibility('com.etiam.testcase.TestSuitOne_test_RefreshPageButton_byStatus_failed_FAIL2_exception')">org.openqa.selenium.NoSuchElementException: 
                     Unable to locate element: {"method":"xpath","selector":".//*[@id='btn_refresh']"}
                     Command duration or timeout: 50.08 seconds
                     For documentation on this error, please visit: http://seleniumhq.org/exceptions/no_such_element.html
                     Build info: version: '2.45.0', revision: '32a636c', time: '2015-03-05 22:01:35'
                     System info: host: 'Raghvendra-PC', ip: '192.168.100.103', os.name: 'Windows 7', os.arch: 'amd64', os.version: '6.1', java.version:
                     '1.7.0_51'
                     *** Element info: {Using=xpath, value=.//*[@id='btn_refresh']}
                     Session ID: 3cf7f388-274d-437c-b7fe-8baa040f79e4
                     Driver info: org.openqa.selenium.firefox.FirefoxDriver
                     Capabilities [{platform=WINDOWS, acceptSslCerts=true, javascriptEnabled=true, cssSelectorsEnabled=true, databaseEnabled=true,
                     browserName=firefox, handlesAlerts=true, nativeEvents=false, webStorageEnabled=true, rotatable=false, locationContextEnabled=true,
                     applicationCacheEnabled=true, takesScreenshot=true, version=38.0}]
                     
                  </a>
                   
                  
               </td>
            </tr>
            <tr>
               <td colspan="4" class="detailsBox">
                  <div id="com.etiam.testcase.TestSuitOne_test_RefreshPageButton_byStatus_failed_FAIL2_details"
                       class="testMethodDetails">
                     <div>
                        <b>Name: </b>test_RefreshPageButton
                     </div>
                     <div>
                        <b>Signature: </b>test_RefreshPageButton()[pri:0, instance:com.etiam.testcase.TestSuitOne@6e955c85]
                     </div>
                     <div>
                        <b>Start time: </b>07:07:18
                     </div>
                     <div>
                        <b>End time: </b>07:08:10
                     </div>
                     <div>
                        <b>Duration: </b>52s
                        
                     </div>
                  </div>
               </td>
            </tr>
            <tr>
               <td colspan="4" class="detailsBox">
                  <div id="com.etiam.testcase.TestSuitOne_test_RefreshPageButton_byStatus_failed_FAIL2_exception"
                       class="testMethodDetails">
                     <pre style="padding: 5px; margin: 0;">org.openqa.selenium.NoSuchElementException: Unable to locate element: {"method":"xpath","selector":".//*[@id='btn_refresh']"}
                        Command duration or timeout: 50.08 seconds
                        For documentation on this error, please visit: http://seleniumhq.org/exceptions/no_such_element.html
                        Build info: version: '2.45.0', revision: '32a636c', time: '2015-03-05 22:01:35'
                        System info: host: 'Raghvendra-PC', ip: '192.168.100.103', os.name: 'Windows 7', os.arch: 'amd64', os.version: '6.1', java.version:
                        '1.7.0_51'
                        *** Element info: {Using=xpath, value=.//*[@id='btn_refresh']}
                        Session ID: 3cf7f388-274d-437c-b7fe-8baa040f79e4
                        Driver info: org.openqa.selenium.firefox.FirefoxDriver
                        Capabilities [{platform=WINDOWS, acceptSslCerts=true, javascriptEnabled=true, cssSelectorsEnabled=true, databaseEnabled=true,
                        browserName=firefox, handlesAlerts=true, nativeEvents=false, webStorageEnabled=true, rotatable=false, locationContextEnabled=true,
                        applicationCacheEnabled=true, takesScreenshot=true, version=38.0}]
                        	at sun.reflect.NativeConstructorAccessorImpl.newInstance0(Native Method)
                        	at sun.reflect.NativeConstructorAccessorImpl.newInstance(Unknown Source)
                        	at sun.reflect.DelegatingConstructorAccessorImpl.newInstance(Unknown Source)
                        	at java.lang.reflect.Constructor.newInstance(Unknown Source)
                        	at org.openqa.selenium.remote.ErrorHandler.createThrowable(ErrorHandler.java:204)
                        	at org.openqa.selenium.remote.ErrorHandler.throwIfResponseFailed(ErrorHandler.java:156)
                        	at org.openqa.selenium.remote.RemoteWebDriver.execute(RemoteWebDriver.java:599)
                        	at org.openqa.selenium.remote.RemoteWebDriver.findElement(RemoteWebDriver.java:352)
                        	at org.openqa.selenium.remote.RemoteWebDriver.findElementByXPath(RemoteWebDriver.java:449)
                        	at org.openqa.selenium.By$ByXPath.findElement(By.java:357)
                        	at org.openqa.selenium.remote.RemoteWebDriver.findElement(RemoteWebDriver.java:344)
                        	at com.etiam.testcase.TestSuitOne.test_RefreshPageButton(TestSuitOne.java:181)
                        	at sun.reflect.NativeMethodAccessorImpl.invoke0(Native Method)
                        	at sun.reflect.NativeMethodAccessorImpl.invoke(Unknown Source)
                        	at sun.reflect.DelegatingMethodAccessorImpl.invoke(Unknown Source)
                        	at java.lang.reflect.Method.invoke(Unknown Source)
                        	at org.testng.internal.MethodInvocationHelper.invokeMethod(MethodInvocationHelper.java:84)
                        	at org.testng.internal.Invoker.invokeMethod(Invoker.java:714)
                        	at org.testng.internal.Invoker.invokeTestMethod(Invoker.java:901)
                        	at org.testng.internal.Invoker.invokeTestMethods(Invoker.java:1231)
                        	at org.testng.internal.TestMethodWorker.invokeTestMethods(TestMethodWorker.java:127)
                        	at org.testng.internal.TestMethodWorker.run(TestMethodWorker.java:111)
                        	at org.testng.TestRunner.privateRun(TestRunner.java:767)
                        	at org.testng.TestRunner.run(TestRunner.java:617)
                        	at org.testng.SuiteRunner.runTest(SuiteRunner.java:334)
                        	at org.testng.SuiteRunner.runSequentially(SuiteRunner.java:329)
                        	at org.testng.SuiteRunner.privateRun(SuiteRunner.java:291)
                        	at org.testng.SuiteRunner.run(SuiteRunner.java:240)
                        	at org.testng.SuiteRunnerWorker.runSuite(SuiteRunnerWorker.java:52)
                        	at org.testng.SuiteRunnerWorker.run(SuiteRunnerWorker.java:86)
                        	at org.testng.TestNG.runSuitesSequentially(TestNG.java:1224)
                        	at org.testng.TestNG.runSuitesLocally(TestNG.java:1149)
                        	at org.testng.TestNG.run(TestNG.java:1057)
                        	at org.testng.TestNG.privateMain(TestNG.java:1364)
                        	at org.testng.TestNG.main(TestNG.java:1333)
                        Caused by: org.openqa.selenium.NoSuchElementException: Unable to locate element: {"method":"xpath","selector":".//*[@id='btn_refresh']"}
                        For documentation on this error, please visit: http://seleniumhq.org/exceptions/no_such_element.html
                        Build info: version: '2.45.0', revision: '32a636c', time: '2015-03-05 22:01:35'
                        System info: host: 'Raghvendra-PC', ip: '192.168.100.103', os.name: 'Windows 7', os.arch: 'amd64', os.version: '6.1', java.version:
                        '1.7.0_51'
                        Driver info: driver.version: unknown
                        	at &lt;anonymous class&gt;.FirefoxDriver.prototype.findElementInternal_(file:///C:/Users/RAGHVE~1.JAD/AppData/Local/Temp/anonymous8181355552288509252webdriver-profile/extensions/fxdriver@googlecode.com/components/driver-component.js:10271)
                        	at &lt;anonymous class&gt;.fxdriver.Timer.prototype.setTimeout/&lt;.notify(file:///C:/Users/RAGHVE~1.JAD/AppData/Local/Temp/anonymous8181355552288509252webdriver-profile/extensions/fxdriver@googlecode.com/components/driver-component.js:603)
                     </pre>
                  </div>
               </td>
            </tr>
            <tr id="com.etiam.testcase.TestSuitOne_test_eTOMAssessment1_byStatus_failed_FAIL3_row"
                class="testMethodStatusFAIL">
               <td width="100%" class="firstMethodCell">
                  <a onclick="toggleDetailsVisibility('com.etiam.testcase.TestSuitOne_test_eTOMAssessment1_byStatus_failed_FAIL3_details')">test_eTOMAssessment1()</a>
               </td>
               <td nowrap="true">07:09:00</td>
               <td nowrap="true" align="right">50s
                  
               </td>
               <td nowrap="true">
                  <a onclick="toggleDetailsVisibility('com.etiam.testcase.TestSuitOne_test_eTOMAssessment1_byStatus_failed_FAIL3_exception')">org.openqa.selenium.NoSuchElementException: 
                     Unable to locate element: {"method":"xpath","selector":".//*[@id='nm_item_3']"}
                     Command duration or timeout: 50.11 seconds
                     For documentation on this error, please visit: http://seleniumhq.org/exceptions/no_such_element.html
                     Build info: version: '2.45.0', revision: '32a636c', time: '2015-03-05 22:01:35'
                     System info: host: 'Raghvendra-PC', ip: '192.168.100.103', os.name: 'Windows 7', os.arch: 'amd64', os.version: '6.1', java.version:
                     '1.7.0_51'
                     *** Element info: {Using=xpath, value=.//*[@id='nm_item_3']}
                     Session ID: 3cf7f388-274d-437c-b7fe-8baa040f79e4
                     Driver info: org.openqa.selenium.firefox.FirefoxDriver
                     Capabilities [{platform=WINDOWS, acceptSslCerts=true, javascriptEnabled=true, cssSelectorsEnabled=true, databaseEnabled=true,
                     browserName=firefox, handlesAlerts=true, nativeEvents=false, webStorageEnabled=true, rotatable=false, locationContextEnabled=true,
                     applicationCacheEnabled=true, takesScreenshot=true, version=38.0}]
                     
                  </a>
                   
                  
               </td>
            </tr>
            <tr>
               <td colspan="4" class="detailsBox">
                  <div id="com.etiam.testcase.TestSuitOne_test_eTOMAssessment1_byStatus_failed_FAIL3_details"
                       class="testMethodDetails">
                     <div>
                        <b>Name: </b>test_eTOMAssessment1
                     </div>
                     <div>
                        <b>Signature: </b>test_eTOMAssessment1()[pri:0, instance:com.etiam.testcase.TestSuitOne@6e955c85]
                     </div>
                     <div>
                        <b>Start time: </b>07:09:00
                     </div>
                     <div>
                        <b>End time: </b>07:09:50
                     </div>
                     <div>
                        <b>Duration: </b>50s
                        
                     </div>
                  </div>
               </td>
            </tr>
            <tr>
               <td colspan="4" class="detailsBox">
                  <div id="com.etiam.testcase.TestSuitOne_test_eTOMAssessment1_byStatus_failed_FAIL3_exception"
                       class="testMethodDetails">
                     <pre style="padding: 5px; margin: 0;">org.openqa.selenium.NoSuchElementException: Unable to locate element: {"method":"xpath","selector":".//*[@id='nm_item_3']"}
                        Command duration or timeout: 50.11 seconds
                        For documentation on this error, please visit: http://seleniumhq.org/exceptions/no_such_element.html
                        Build info: version: '2.45.0', revision: '32a636c', time: '2015-03-05 22:01:35'
                        System info: host: 'Raghvendra-PC', ip: '192.168.100.103', os.name: 'Windows 7', os.arch: 'amd64', os.version: '6.1', java.version:
                        '1.7.0_51'
                        *** Element info: {Using=xpath, value=.//*[@id='nm_item_3']}
                        Session ID: 3cf7f388-274d-437c-b7fe-8baa040f79e4
                        Driver info: org.openqa.selenium.firefox.FirefoxDriver
                        Capabilities [{platform=WINDOWS, acceptSslCerts=true, javascriptEnabled=true, cssSelectorsEnabled=true, databaseEnabled=true,
                        browserName=firefox, handlesAlerts=true, nativeEvents=false, webStorageEnabled=true, rotatable=false, locationContextEnabled=true,
                        applicationCacheEnabled=true, takesScreenshot=true, version=38.0}]
                        	at sun.reflect.NativeConstructorAccessorImpl.newInstance0(Native Method)
                        	at sun.reflect.NativeConstructorAccessorImpl.newInstance(Unknown Source)
                        	at sun.reflect.DelegatingConstructorAccessorImpl.newInstance(Unknown Source)
                        	at java.lang.reflect.Constructor.newInstance(Unknown Source)
                        	at org.openqa.selenium.remote.ErrorHandler.createThrowable(ErrorHandler.java:204)
                        	at org.openqa.selenium.remote.ErrorHandler.throwIfResponseFailed(ErrorHandler.java:156)
                        	at org.openqa.selenium.remote.RemoteWebDriver.execute(RemoteWebDriver.java:599)
                        	at org.openqa.selenium.remote.RemoteWebDriver.findElement(RemoteWebDriver.java:352)
                        	at org.openqa.selenium.remote.RemoteWebDriver.findElementByXPath(RemoteWebDriver.java:449)
                        	at org.openqa.selenium.By$ByXPath.findElement(By.java:357)
                        	at org.openqa.selenium.remote.RemoteWebDriver.findElement(RemoteWebDriver.java:344)
                        	at com.etiam.testcase.TestSuitOne.test_eTOMAssessment1(TestSuitOne.java:257)
                        	at sun.reflect.NativeMethodAccessorImpl.invoke0(Native Method)
                        	at sun.reflect.NativeMethodAccessorImpl.invoke(Unknown Source)
                        	at sun.reflect.DelegatingMethodAccessorImpl.invoke(Unknown Source)
                        	at java.lang.reflect.Method.invoke(Unknown Source)
                        	at org.testng.internal.MethodInvocationHelper.invokeMethod(MethodInvocationHelper.java:84)
                        	at org.testng.internal.Invoker.invokeMethod(Invoker.java:714)
                        	at org.testng.internal.Invoker.invokeTestMethod(Invoker.java:901)
                        	at org.testng.internal.Invoker.invokeTestMethods(Invoker.java:1231)
                        	at org.testng.internal.TestMethodWorker.invokeTestMethods(TestMethodWorker.java:127)
                        	at org.testng.internal.TestMethodWorker.run(TestMethodWorker.java:111)
                        	at org.testng.TestRunner.privateRun(TestRunner.java:767)
                        	at org.testng.TestRunner.run(TestRunner.java:617)
                        	at org.testng.SuiteRunner.runTest(SuiteRunner.java:334)
                        	at org.testng.SuiteRunner.runSequentially(SuiteRunner.java:329)
                        	at org.testng.SuiteRunner.privateRun(SuiteRunner.java:291)
                        	at org.testng.SuiteRunner.run(SuiteRunner.java:240)
                        	at org.testng.SuiteRunnerWorker.runSuite(SuiteRunnerWorker.java:52)
                        	at org.testng.SuiteRunnerWorker.run(SuiteRunnerWorker.java:86)
                        	at org.testng.TestNG.runSuitesSequentially(TestNG.java:1224)
                        	at org.testng.TestNG.runSuitesLocally(TestNG.java:1149)
                        	at org.testng.TestNG.run(TestNG.java:1057)
                        	at org.testng.TestNG.privateMain(TestNG.java:1364)
                        	at org.testng.TestNG.main(TestNG.java:1333)
                        Caused by: org.openqa.selenium.NoSuchElementException: Unable to locate element: {"method":"xpath","selector":".//*[@id='nm_item_3']"}
                        For documentation on this error, please visit: http://seleniumhq.org/exceptions/no_such_element.html
                        Build info: version: '2.45.0', revision: '32a636c', time: '2015-03-05 22:01:35'
                        System info: host: 'Raghvendra-PC', ip: '192.168.100.103', os.name: 'Windows 7', os.arch: 'amd64', os.version: '6.1', java.version:
                        '1.7.0_51'
                        Driver info: driver.version: unknown
                        	at &lt;anonymous class&gt;.FirefoxDriver.prototype.findElementInternal_(file:///C:/Users/RAGHVE~1.JAD/AppData/Local/Temp/anonymous8181355552288509252webdriver-profile/extensions/fxdriver@googlecode.com/components/driver-component.js:10271)
                        	at &lt;anonymous class&gt;.fxdriver.Timer.prototype.setTimeout/&lt;.notify(file:///C:/Users/RAGHVE~1.JAD/AppData/Local/Temp/anonymous8181355552288509252webdriver-profile/extensions/fxdriver@googlecode.com/components/driver-component.js:603)
                     </pre>
                  </div>
               </td>
            </tr>
            <tr id="com.etiam.testcase.TestSuitOne_test_eTOMAssessment2_byStatus_failed_FAIL4_row"
                class="testMethodStatusFAIL">
               <td width="100%" class="firstMethodCell">
                  <a onclick="toggleDetailsVisibility('com.etiam.testcase.TestSuitOne_test_eTOMAssessment2_byStatus_failed_FAIL4_details')">test_eTOMAssessment2()</a>
               </td>
               <td nowrap="true">07:09:50</td>
               <td nowrap="true" align="right">50s
                  
               </td>
               <td nowrap="true">
                  <a onclick="toggleDetailsVisibility('com.etiam.testcase.TestSuitOne_test_eTOMAssessment2_byStatus_failed_FAIL4_exception')">org.openqa.selenium.NoSuchElementException: 
                     Unable to locate element: {"method":"xpath","selector":".//*[@id='nm_item_4']"}
                     Command duration or timeout: 50.13 seconds
                     For documentation on this error, please visit: http://seleniumhq.org/exceptions/no_such_element.html
                     Build info: version: '2.45.0', revision: '32a636c', time: '2015-03-05 22:01:35'
                     System info: host: 'Raghvendra-PC', ip: '192.168.100.103', os.name: 'Windows 7', os.arch: 'amd64', os.version: '6.1', java.version:
                     '1.7.0_51'
                     *** Element info: {Using=xpath, value=.//*[@id='nm_item_4']}
                     Session ID: 3cf7f388-274d-437c-b7fe-8baa040f79e4
                     Driver info: org.openqa.selenium.firefox.FirefoxDriver
                     Capabilities [{platform=WINDOWS, acceptSslCerts=true, javascriptEnabled=true, cssSelectorsEnabled=true, databaseEnabled=true,
                     browserName=firefox, handlesAlerts=true, nativeEvents=false, webStorageEnabled=true, rotatable=false, locationContextEnabled=true,
                     applicationCacheEnabled=true, takesScreenshot=true, version=38.0}]
                     
                  </a>
                   
                  
               </td>
            </tr>
            <tr>
               <td colspan="4" class="detailsBox">
                  <div id="com.etiam.testcase.TestSuitOne_test_eTOMAssessment2_byStatus_failed_FAIL4_details"
                       class="testMethodDetails">
                     <div>
                        <b>Name: </b>test_eTOMAssessment2
                     </div>
                     <div>
                        <b>Signature: </b>test_eTOMAssessment2()[pri:0, instance:com.etiam.testcase.TestSuitOne@6e955c85]
                     </div>
                     <div>
                        <b>Start time: </b>07:09:50
                     </div>
                     <div>
                        <b>End time: </b>07:10:40
                     </div>
                     <div>
                        <b>Duration: </b>50s
                        
                     </div>
                  </div>
               </td>
            </tr>
            <tr>
               <td colspan="4" class="detailsBox">
                  <div id="com.etiam.testcase.TestSuitOne_test_eTOMAssessment2_byStatus_failed_FAIL4_exception"
                       class="testMethodDetails">
                     <pre style="padding: 5px; margin: 0;">org.openqa.selenium.NoSuchElementException: Unable to locate element: {"method":"xpath","selector":".//*[@id='nm_item_4']"}
                        Command duration or timeout: 50.13 seconds
                        For documentation on this error, please visit: http://seleniumhq.org/exceptions/no_such_element.html
                        Build info: version: '2.45.0', revision: '32a636c', time: '2015-03-05 22:01:35'
                        System info: host: 'Raghvendra-PC', ip: '192.168.100.103', os.name: 'Windows 7', os.arch: 'amd64', os.version: '6.1', java.version:
                        '1.7.0_51'
                        *** Element info: {Using=xpath, value=.//*[@id='nm_item_4']}
                        Session ID: 3cf7f388-274d-437c-b7fe-8baa040f79e4
                        Driver info: org.openqa.selenium.firefox.FirefoxDriver
                        Capabilities [{platform=WINDOWS, acceptSslCerts=true, javascriptEnabled=true, cssSelectorsEnabled=true, databaseEnabled=true,
                        browserName=firefox, handlesAlerts=true, nativeEvents=false, webStorageEnabled=true, rotatable=false, locationContextEnabled=true,
                        applicationCacheEnabled=true, takesScreenshot=true, version=38.0}]
                        	at sun.reflect.NativeConstructorAccessorImpl.newInstance0(Native Method)
                        	at sun.reflect.NativeConstructorAccessorImpl.newInstance(Unknown Source)
                        	at sun.reflect.DelegatingConstructorAccessorImpl.newInstance(Unknown Source)
                        	at java.lang.reflect.Constructor.newInstance(Unknown Source)
                        	at org.openqa.selenium.remote.ErrorHandler.createThrowable(ErrorHandler.java:204)
                        	at org.openqa.selenium.remote.ErrorHandler.throwIfResponseFailed(ErrorHandler.java:156)
                        	at org.openqa.selenium.remote.RemoteWebDriver.execute(RemoteWebDriver.java:599)
                        	at org.openqa.selenium.remote.RemoteWebDriver.findElement(RemoteWebDriver.java:352)
                        	at org.openqa.selenium.remote.RemoteWebDriver.findElementByXPath(RemoteWebDriver.java:449)
                        	at org.openqa.selenium.By$ByXPath.findElement(By.java:357)
                        	at org.openqa.selenium.remote.RemoteWebDriver.findElement(RemoteWebDriver.java:344)
                        	at com.etiam.testcase.TestSuitOne.test_eTOMAssessment2(TestSuitOne.java:291)
                        	at sun.reflect.NativeMethodAccessorImpl.invoke0(Native Method)
                        	at sun.reflect.NativeMethodAccessorImpl.invoke(Unknown Source)
                        	at sun.reflect.DelegatingMethodAccessorImpl.invoke(Unknown Source)
                        	at java.lang.reflect.Method.invoke(Unknown Source)
                        	at org.testng.internal.MethodInvocationHelper.invokeMethod(MethodInvocationHelper.java:84)
                        	at org.testng.internal.Invoker.invokeMethod(Invoker.java:714)
                        	at org.testng.internal.Invoker.invokeTestMethod(Invoker.java:901)
                        	at org.testng.internal.Invoker.invokeTestMethods(Invoker.java:1231)
                        	at org.testng.internal.TestMethodWorker.invokeTestMethods(TestMethodWorker.java:127)
                        	at org.testng.internal.TestMethodWorker.run(TestMethodWorker.java:111)
                        	at org.testng.TestRunner.privateRun(TestRunner.java:767)
                        	at org.testng.TestRunner.run(TestRunner.java:617)
                        	at org.testng.SuiteRunner.runTest(SuiteRunner.java:334)
                        	at org.testng.SuiteRunner.runSequentially(SuiteRunner.java:329)
                        	at org.testng.SuiteRunner.privateRun(SuiteRunner.java:291)
                        	at org.testng.SuiteRunner.run(SuiteRunner.java:240)
                        	at org.testng.SuiteRunnerWorker.runSuite(SuiteRunnerWorker.java:52)
                        	at org.testng.SuiteRunnerWorker.run(SuiteRunnerWorker.java:86)
                        	at org.testng.TestNG.runSuitesSequentially(TestNG.java:1224)
                        	at org.testng.TestNG.runSuitesLocally(TestNG.java:1149)
                        	at org.testng.TestNG.run(TestNG.java:1057)
                        	at org.testng.TestNG.privateMain(TestNG.java:1364)
                        	at org.testng.TestNG.main(TestNG.java:1333)
                        Caused by: org.openqa.selenium.NoSuchElementException: Unable to locate element: {"method":"xpath","selector":".//*[@id='nm_item_4']"}
                        For documentation on this error, please visit: http://seleniumhq.org/exceptions/no_such_element.html
                        Build info: version: '2.45.0', revision: '32a636c', time: '2015-03-05 22:01:35'
                        System info: host: 'Raghvendra-PC', ip: '192.168.100.103', os.name: 'Windows 7', os.arch: 'amd64', os.version: '6.1', java.version:
                        '1.7.0_51'
                        Driver info: driver.version: unknown
                        	at &lt;anonymous class&gt;.FirefoxDriver.prototype.findElementInternal_(file:///C:/Users/RAGHVE~1.JAD/AppData/Local/Temp/anonymous8181355552288509252webdriver-profile/extensions/fxdriver@googlecode.com/components/driver-component.js:10271)
                        	at &lt;anonymous class&gt;.fxdriver.Timer.prototype.setTimeout/&lt;.notify(file:///C:/Users/RAGHVE~1.JAD/AppData/Local/Temp/anonymous8181355552288509252webdriver-profile/extensions/fxdriver@googlecode.com/components/driver-component.js:603)
                     </pre>
                  </div>
               </td>
            </tr>
            <tr id="com.etiam.testcase.TestSuitOne_init_byStatus_passed_PASS1_row"
                class="testMethodStatusPASS testMethodStatusCONF">
               <td width="100%" class="firstMethodCell">
                  <a onclick="toggleDetailsVisibility('com.etiam.testcase.TestSuitOne_init_byStatus_passed_PASS1_details')">init()</a>
               </td>
               <td nowrap="true">07:05:12</td>
               <td nowrap="true" align="right">14s
                  
               </td>
               <td nowrap="true">
                   
                  
               </td>
            </tr>
            <tr>
               <td colspan="4" class="detailsBox">
                  <div id="com.etiam.testcase.TestSuitOne_init_byStatus_passed_PASS1_details"
                       class="testMethodDetails">
                     <div>
                        <b>Name: </b>init
                     </div>
                     <div>
                        <b>Signature: </b>init()[pri:0, instance:com.etiam.testcase.TestSuitOne@6e955c85]
                     </div>
                     <div>
                        <b>Start time: </b>07:05:12
                     </div>
                     <div>
                        <b>End time: </b>07:05:26
                     </div>
                     <div>
                        <b>Duration: </b>14s
                        
                     </div>
                  </div>
               </td>
            </tr>
            <tr></tr>
            <tr id="com.etiam.testcase.TestSuitOne_testHover_byStatus_passed_PASS2_row"
                class="testMethodStatusPASS">
               <td width="100%" class="firstMethodCell">
                  <a onclick="toggleDetailsVisibility('com.etiam.testcase.TestSuitOne_testHover_byStatus_passed_PASS2_details')">testHover()</a>
               </td>
               <td nowrap="true">07:05:26</td>
               <td nowrap="true" align="right">3s
                  
               </td>
               <td nowrap="true">
                   
                  
               </td>
            </tr>
            <tr>
               <td colspan="4" class="detailsBox">
                  <div id="com.etiam.testcase.TestSuitOne_testHover_byStatus_passed_PASS2_details"
                       class="testMethodDetails">
                     <div>
                        <b>Name: </b>testHover
                     </div>
                     <div>
                        <b>Signature: </b>testHover()[pri:0, instance:com.etiam.testcase.TestSuitOne@6e955c85]
                     </div>
                     <div>
                        <b>Start time: </b>07:05:26
                     </div>
                     <div>
                        <b>End time: </b>07:05:29
                     </div>
                     <div>
                        <b>Duration: </b>3s
                        
                     </div>
                  </div>
               </td>
            </tr>
            <tr></tr>
            <tr id="com.etiam.testcase.TestSuitOne_test_CapabilitiesOfCRM_byStatus_passed_PASS3_row"
                class="testMethodStatusPASS">
               <td width="100%" class="firstMethodCell">
                  <a onclick="toggleDetailsVisibility('com.etiam.testcase.TestSuitOne_test_CapabilitiesOfCRM_byStatus_passed_PASS3_details')">test_CapabilitiesOfCRM()</a>
               </td>
               <td nowrap="true">07:05:29</td>
               <td nowrap="true" align="right">18s
                  
               </td>
               <td nowrap="true">
                   
                  
               </td>
            </tr>
            <tr>
               <td colspan="4" class="detailsBox">
                  <div id="com.etiam.testcase.TestSuitOne_test_CapabilitiesOfCRM_byStatus_passed_PASS3_details"
                       class="testMethodDetails">
                     <div>
                        <b>Name: </b>test_CapabilitiesOfCRM
                     </div>
                     <div>
                        <b>Signature: </b>test_CapabilitiesOfCRM()[pri:0, instance:com.etiam.testcase.TestSuitOne@6e955c85]
                     </div>
                     <div>
                        <b>Start time: </b>07:05:29
                     </div>
                     <div>
                        <b>End time: </b>07:05:47
                     </div>
                     <div>
                        <b>Duration: </b>18s
                        
                     </div>
                  </div>
               </td>
            </tr>
            <tr></tr>
            <tr id="com.etiam.testcase.TestSuitOne_test_ExitCourseButton_byStatus_passed_PASS4_row"
                class="testMethodStatusPASS">
               <td width="100%" class="firstMethodCell">
                  <a onclick="toggleDetailsVisibility('com.etiam.testcase.TestSuitOne_test_ExitCourseButton_byStatus_passed_PASS4_details')">test_ExitCourseButton()</a>
               </td>
               <td nowrap="true">07:05:47</td>
               <td nowrap="true" align="right">3s
                  
               </td>
               <td nowrap="true">
                   
                  
               </td>
            </tr>
            <tr>
               <td colspan="4" class="detailsBox">
                  <div id="com.etiam.testcase.TestSuitOne_test_ExitCourseButton_byStatus_passed_PASS4_details"
                       class="testMethodDetails">
                     <div>
                        <b>Name: </b>test_ExitCourseButton
                     </div>
                     <div>
                        <b>Signature: </b>test_ExitCourseButton()[pri:0, instance:com.etiam.testcase.TestSuitOne@6e955c85]
                     </div>
                     <div>
                        <b>Start time: </b>07:05:47
                     </div>
                     <div>
                        <b>End time: </b>07:05:49
                     </div>
                     <div>
                        <b>Duration: </b>3s
                        
                     </div>
                  </div>
               </td>
            </tr>
            <tr></tr>
            <tr id="com.etiam.testcase.TestSuitOne_test_FrontEndAndBackendFunctions_byStatus_passed_PASS5_row"
                class="testMethodStatusPASS">
               <td width="100%" class="firstMethodCell">
                  <a onclick="toggleDetailsVisibility('com.etiam.testcase.TestSuitOne_test_FrontEndAndBackendFunctions_byStatus_passed_PASS5_details')">test_FrontEndAndBackendFunctions()</a>
               </td>
               <td nowrap="true">07:05:49</td>
               <td nowrap="true" align="right">240 ms
                  
               </td>
               <td nowrap="true">
                   
                  
               </td>
            </tr>
            <tr>
               <td colspan="4" class="detailsBox">
                  <div id="com.etiam.testcase.TestSuitOne_test_FrontEndAndBackendFunctions_byStatus_passed_PASS5_details"
                       class="testMethodDetails">
                     <div>
                        <b>Name: </b>test_FrontEndAndBackendFunctions
                     </div>
                     <div>
                        <b>Signature: </b>test_FrontEndAndBackendFunctions()[pri:0, instance:com.etiam.testcase.TestSuitOne@6e955c85]
                     </div>
                     <div>
                        <b>Start time: </b>07:05:49
                     </div>
                     <div>
                        <b>End time: </b>07:05:50
                     </div>
                     <div>
                        <b>Duration: </b>240 ms
                        
                     </div>
                  </div>
               </td>
            </tr>
            <tr></tr>
            <tr id="com.etiam.testcase.TestSuitOne_test_GlossaryLink_byStatus_passed_PASS6_row"
                class="testMethodStatusPASS">
               <td width="100%" class="firstMethodCell">
                  <a onclick="toggleDetailsVisibility('com.etiam.testcase.TestSuitOne_test_GlossaryLink_byStatus_passed_PASS6_details')">test_GlossaryLink()</a>
               </td>
               <td nowrap="true">07:05:50</td>
               <td nowrap="true" align="right">480 ms
                  
               </td>
               <td nowrap="true">
                   
                  
               </td>
            </tr>
            <tr>
               <td colspan="4" class="detailsBox">
                  <div id="com.etiam.testcase.TestSuitOne_test_GlossaryLink_byStatus_passed_PASS6_details"
                       class="testMethodDetails">
                     <div>
                        <b>Name: </b>test_GlossaryLink
                     </div>
                     <div>
                        <b>Signature: </b>test_GlossaryLink()[pri:0, instance:com.etiam.testcase.TestSuitOne@6e955c85]
                     </div>
                     <div>
                        <b>Start time: </b>07:05:50
                     </div>
                     <div>
                        <b>End time: </b>07:05:50
                     </div>
                     <div>
                        <b>Duration: </b>480 ms
                        
                     </div>
                  </div>
               </td>
            </tr>
            <tr></tr>
            <tr id="com.etiam.testcase.TestSuitOne_test_HelpLink_byStatus_passed_PASS7_row"
                class="testMethodStatusPASS">
               <td width="100%" class="firstMethodCell">
                  <a onclick="toggleDetailsVisibility('com.etiam.testcase.TestSuitOne_test_HelpLink_byStatus_passed_PASS7_details')">test_HelpLink()</a>
               </td>
               <td nowrap="true">07:05:50</td>
               <td nowrap="true" align="right">490 ms
                  
               </td>
               <td nowrap="true">
                   
                  
               </td>
            </tr>
            <tr>
               <td colspan="4" class="detailsBox">
                  <div id="com.etiam.testcase.TestSuitOne_test_HelpLink_byStatus_passed_PASS7_details"
                       class="testMethodDetails">
                     <div>
                        <b>Name: </b>test_HelpLink
                     </div>
                     <div>
                        <b>Signature: </b>test_HelpLink()[pri:0, instance:com.etiam.testcase.TestSuitOne@6e955c85]
                     </div>
                     <div>
                        <b>Start time: </b>07:05:50
                     </div>
                     <div>
                        <b>End time: </b>07:05:51
                     </div>
                     <div>
                        <b>Duration: </b>490 ms
                        
                     </div>
                  </div>
               </td>
            </tr>
            <tr></tr>
            <tr id="com.etiam.testcase.TestSuitOne_test_Logo_byStatus_passed_PASS8_row"
                class="testMethodStatusPASS">
               <td width="100%" class="firstMethodCell">
                  <a onclick="toggleDetailsVisibility('com.etiam.testcase.TestSuitOne_test_Logo_byStatus_passed_PASS8_details')">test_Logo()</a>
               </td>
               <td nowrap="true">07:05:51</td>
               <td nowrap="true" align="right">90 ms
                  
               </td>
               <td nowrap="true">
                   
                  
               </td>
            </tr>
            <tr>
               <td colspan="4" class="detailsBox">
                  <div id="com.etiam.testcase.TestSuitOne_test_Logo_byStatus_passed_PASS8_details"
                       class="testMethodDetails">
                     <div>
                        <b>Name: </b>test_Logo
                     </div>
                     <div>
                        <b>Signature: </b>test_Logo()[pri:0, instance:com.etiam.testcase.TestSuitOne@6e955c85]
                     </div>
                     <div>
                        <b>Start time: </b>07:05:51
                     </div>
                     <div>
                        <b>End time: </b>07:05:51
                     </div>
                     <div>
                        <b>Duration: </b>90 ms
                        
                     </div>
                  </div>
               </td>
            </tr>
            <tr></tr>
            <tr id="com.etiam.testcase.TestSuitOne_test_NextPageButton_byStatus_passed_PASS9_row"
                class="testMethodStatusPASS">
               <td width="100%" class="firstMethodCell">
                  <a onclick="toggleDetailsVisibility('com.etiam.testcase.TestSuitOne_test_NextPageButton_byStatus_passed_PASS9_details')">test_NextPageButton()</a>
               </td>
               <td nowrap="true">07:05:51</td>
               <td nowrap="true" align="right">18s
                  
               </td>
               <td nowrap="true">
                   
                  
               </td>
            </tr>
            <tr>
               <td colspan="4" class="detailsBox">
                  <div id="com.etiam.testcase.TestSuitOne_test_NextPageButton_byStatus_passed_PASS9_details"
                       class="testMethodDetails">
                     <div>
                        <b>Name: </b>test_NextPageButton
                     </div>
                     <div>
                        <b>Signature: </b>test_NextPageButton()[pri:0, instance:com.etiam.testcase.TestSuitOne@6e955c85]
                     </div>
                     <div>
                        <b>Start time: </b>07:05:51
                     </div>
                     <div>
                        <b>End time: </b>07:06:08
                     </div>
                     <div>
                        <b>Duration: </b>18s
                        
                     </div>
                  </div>
               </td>
            </tr>
            <tr></tr>
            <tr id="com.etiam.testcase.TestSuitOne_test_PreviousPageButton_byStatus_passed_PASS10_row"
                class="testMethodStatusPASS">
               <td width="100%" class="firstMethodCell">
                  <a onclick="toggleDetailsVisibility('com.etiam.testcase.TestSuitOne_test_PreviousPageButton_byStatus_passed_PASS10_details')">test_PreviousPageButton()</a>
               </td>
               <td nowrap="true">07:06:08</td>
               <td nowrap="true" align="right">19s
                  
               </td>
               <td nowrap="true">
                   
                  
               </td>
            </tr>
            <tr>
               <td colspan="4" class="detailsBox">
                  <div id="com.etiam.testcase.TestSuitOne_test_PreviousPageButton_byStatus_passed_PASS10_details"
                       class="testMethodDetails">
                     <div>
                        <b>Name: </b>test_PreviousPageButton
                     </div>
                     <div>
                        <b>Signature: </b>test_PreviousPageButton()[pri:0, instance:com.etiam.testcase.TestSuitOne@6e955c85]
                     </div>
                     <div>
                        <b>Start time: </b>07:06:08
                     </div>
                     <div>
                        <b>End time: </b>07:06:27
                     </div>
                     <div>
                        <b>Duration: </b>19s
                        
                     </div>
                  </div>
               </td>
            </tr>
            <tr></tr>
            <tr id="com.etiam.testcase.TestSuitOne_test_SidePanelTest_byStatus_passed_PASS11_row"
                class="testMethodStatusPASS">
               <td width="100%" class="firstMethodCell">
                  <a onclick="toggleDetailsVisibility('com.etiam.testcase.TestSuitOne_test_SidePanelTest_byStatus_passed_PASS11_details')">test_SidePanelTest()</a>
               </td>
               <td nowrap="true">07:08:10</td>
               <td nowrap="true" align="right">50s
                  
               </td>
               <td nowrap="true">
                   
                  
               </td>
            </tr>
            <tr>
               <td colspan="4" class="detailsBox">
                  <div id="com.etiam.testcase.TestSuitOne_test_SidePanelTest_byStatus_passed_PASS11_details"
                       class="testMethodDetails">
                     <div>
                        <b>Name: </b>test_SidePanelTest
                     </div>
                     <div>
                        <b>Signature: </b>test_SidePanelTest()[pri:0, instance:com.etiam.testcase.TestSuitOne@6e955c85]
                     </div>
                     <div>
                        <b>Start time: </b>07:08:10
                     </div>
                     <div>
                        <b>End time: </b>07:09:00
                     </div>
                     <div>
                        <b>Duration: </b>50s
                        
                     </div>
                  </div>
               </td>
            </tr>
            <tr></tr>
            <tr id="com.etiam.testcase.TestSuitOne_finishTesting_byStatus_passed_PASS12_row"
                class="testMethodStatusPASS testMethodStatusCONF">
               <td width="100%" class="firstMethodCell">
                  <a onclick="toggleDetailsVisibility('com.etiam.testcase.TestSuitOne_finishTesting_byStatus_passed_PASS12_details')">finishTesting()</a>
               </td>
               <td nowrap="true">07:10:40</td>
               <td nowrap="true" align="right">9s
                  
               </td>
               <td nowrap="true">
                   
                  
               </td>
            </tr>
            <tr>
               <td colspan="4" class="detailsBox">
                  <div id="com.etiam.testcase.TestSuitOne_finishTesting_byStatus_passed_PASS12_details"
                       class="testMethodDetails">
                     <div>
                        <b>Name: </b>finishTesting
                     </div>
                     <div>
                        <b>Signature: </b>finishTesting()[pri:0, instance:com.etiam.testcase.TestSuitOne@6e955c85]
                     </div>
                     <div>
                        <b>Start time: </b>07:10:40
                     </div>
                     <div>
                        <b>End time: </b>07:10:49
                     </div>
                     <div>
                        <b>Duration: </b>9s
                        
                     </div>
                  </div>
               </td>
            </tr>
            <tr></tr>
         </table>
      </div>
      <div id="testMethodsByClass" style="display: none;">
         <table class="testMethodsTable" cellpadding="0" cellspacing="0">
            <tr>
               <td colspan="4">
                  <h3 style="display: inline;">com.etiam.testcase.TestSuitOne</h3>
               </td>
            </tr>
            <tr class="methodsTableHeader">
               <td width="100%">Name</td>
               <td nowrap="true">Started</td>
               <td nowrap="true">Duration</td>
               <td>Exception</td>
            </tr>
            <tr id="com.etiam.testcase.TestSuitOne_init_byClass_PASS1_row"
                class="testMethodStatusPASS testMethodStatusCONF">
               <td width="100%" class="firstMethodCell">
                  <a onclick="toggleDetailsVisibility('com.etiam.testcase.TestSuitOne_init_byClass_PASS1_details')">init()</a>
               </td>
               <td nowrap="true">07:05:12</td>
               <td nowrap="true" align="right">14s
                  
               </td>
               <td nowrap="true">
                   
                  
               </td>
            </tr>
            <tr>
               <td colspan="4" class="detailsBox">
                  <div id="com.etiam.testcase.TestSuitOne_init_byClass_PASS1_details"
                       class="testMethodDetails">
                     <div>
                        <b>Name: </b>init
                     </div>
                     <div>
                        <b>Signature: </b>init()[pri:0, instance:com.etiam.testcase.TestSuitOne@6e955c85]
                     </div>
                     <div>
                        <b>Start time: </b>07:05:12
                     </div>
                     <div>
                        <b>End time: </b>07:05:26
                     </div>
                     <div>
                        <b>Duration: </b>14s
                        
                     </div>
                  </div>
               </td>
            </tr>
            <tr></tr>
            <tr id="com.etiam.testcase.TestSuitOne_testHover_byClass_PASS2_row"
                class="testMethodStatusPASS">
               <td width="100%" class="firstMethodCell">
                  <a onclick="toggleDetailsVisibility('com.etiam.testcase.TestSuitOne_testHover_byClass_PASS2_details')">testHover()</a>
               </td>
               <td nowrap="true">07:05:26</td>
               <td nowrap="true" align="right">3s
                  
               </td>
               <td nowrap="true">
                   
                  
               </td>
            </tr>
            <tr>
               <td colspan="4" class="detailsBox">
                  <div id="com.etiam.testcase.TestSuitOne_testHover_byClass_PASS2_details"
                       class="testMethodDetails">
                     <div>
                        <b>Name: </b>testHover
                     </div>
                     <div>
                        <b>Signature: </b>testHover()[pri:0, instance:com.etiam.testcase.TestSuitOne@6e955c85]
                     </div>
                     <div>
                        <b>Start time: </b>07:05:26
                     </div>
                     <div>
                        <b>End time: </b>07:05:29
                     </div>
                     <div>
                        <b>Duration: </b>3s
                        
                     </div>
                  </div>
               </td>
            </tr>
            <tr></tr>
            <tr id="com.etiam.testcase.TestSuitOne_test_CapabilitiesOfCRM_byClass_PASS3_row"
                class="testMethodStatusPASS">
               <td width="100%" class="firstMethodCell">
                  <a onclick="toggleDetailsVisibility('com.etiam.testcase.TestSuitOne_test_CapabilitiesOfCRM_byClass_PASS3_details')">test_CapabilitiesOfCRM()</a>
               </td>
               <td nowrap="true">07:05:29</td>
               <td nowrap="true" align="right">18s
                  
               </td>
               <td nowrap="true">
                   
                  
               </td>
            </tr>
            <tr>
               <td colspan="4" class="detailsBox">
                  <div id="com.etiam.testcase.TestSuitOne_test_CapabilitiesOfCRM_byClass_PASS3_details"
                       class="testMethodDetails">
                     <div>
                        <b>Name: </b>test_CapabilitiesOfCRM
                     </div>
                     <div>
                        <b>Signature: </b>test_CapabilitiesOfCRM()[pri:0, instance:com.etiam.testcase.TestSuitOne@6e955c85]
                     </div>
                     <div>
                        <b>Start time: </b>07:05:29
                     </div>
                     <div>
                        <b>End time: </b>07:05:47
                     </div>
                     <div>
                        <b>Duration: </b>18s
                        
                     </div>
                  </div>
               </td>
            </tr>
            <tr></tr>
            <tr id="com.etiam.testcase.TestSuitOne_test_ExitCourseButton_byClass_PASS4_row"
                class="testMethodStatusPASS">
               <td width="100%" class="firstMethodCell">
                  <a onclick="toggleDetailsVisibility('com.etiam.testcase.TestSuitOne_test_ExitCourseButton_byClass_PASS4_details')">test_ExitCourseButton()</a>
               </td>
               <td nowrap="true">07:05:47</td>
               <td nowrap="true" align="right">3s
                  
               </td>
               <td nowrap="true">
                   
                  
               </td>
            </tr>
            <tr>
               <td colspan="4" class="detailsBox">
                  <div id="com.etiam.testcase.TestSuitOne_test_ExitCourseButton_byClass_PASS4_details"
                       class="testMethodDetails">
                     <div>
                        <b>Name: </b>test_ExitCourseButton
                     </div>
                     <div>
                        <b>Signature: </b>test_ExitCourseButton()[pri:0, instance:com.etiam.testcase.TestSuitOne@6e955c85]
                     </div>
                     <div>
                        <b>Start time: </b>07:05:47
                     </div>
                     <div>
                        <b>End time: </b>07:05:49
                     </div>
                     <div>
                        <b>Duration: </b>3s
                        
                     </div>
                  </div>
               </td>
            </tr>
            <tr></tr>
            <tr id="com.etiam.testcase.TestSuitOne_test_FrontEndAndBackendFunctions_byClass_PASS5_row"
                class="testMethodStatusPASS">
               <td width="100%" class="firstMethodCell">
                  <a onclick="toggleDetailsVisibility('com.etiam.testcase.TestSuitOne_test_FrontEndAndBackendFunctions_byClass_PASS5_details')">test_FrontEndAndBackendFunctions()</a>
               </td>
               <td nowrap="true">07:05:49</td>
               <td nowrap="true" align="right">240 ms
                  
               </td>
               <td nowrap="true">
                   
                  
               </td>
            </tr>
            <tr>
               <td colspan="4" class="detailsBox">
                  <div id="com.etiam.testcase.TestSuitOne_test_FrontEndAndBackendFunctions_byClass_PASS5_details"
                       class="testMethodDetails">
                     <div>
                        <b>Name: </b>test_FrontEndAndBackendFunctions
                     </div>
                     <div>
                        <b>Signature: </b>test_FrontEndAndBackendFunctions()[pri:0, instance:com.etiam.testcase.TestSuitOne@6e955c85]
                     </div>
                     <div>
                        <b>Start time: </b>07:05:49
                     </div>
                     <div>
                        <b>End time: </b>07:05:50
                     </div>
                     <div>
                        <b>Duration: </b>240 ms
                        
                     </div>
                  </div>
               </td>
            </tr>
            <tr></tr>
            <tr id="com.etiam.testcase.TestSuitOne_test_GlossaryLink_byClass_PASS6_row"
                class="testMethodStatusPASS">
               <td width="100%" class="firstMethodCell">
                  <a onclick="toggleDetailsVisibility('com.etiam.testcase.TestSuitOne_test_GlossaryLink_byClass_PASS6_details')">test_GlossaryLink()</a>
               </td>
               <td nowrap="true">07:05:50</td>
               <td nowrap="true" align="right">480 ms
                  
               </td>
               <td nowrap="true">
                   
                  
               </td>
            </tr>
            <tr>
               <td colspan="4" class="detailsBox">
                  <div id="com.etiam.testcase.TestSuitOne_test_GlossaryLink_byClass_PASS6_details"
                       class="testMethodDetails">
                     <div>
                        <b>Name: </b>test_GlossaryLink
                     </div>
                     <div>
                        <b>Signature: </b>test_GlossaryLink()[pri:0, instance:com.etiam.testcase.TestSuitOne@6e955c85]
                     </div>
                     <div>
                        <b>Start time: </b>07:05:50
                     </div>
                     <div>
                        <b>End time: </b>07:05:50
                     </div>
                     <div>
                        <b>Duration: </b>480 ms
                        
                     </div>
                  </div>
               </td>
            </tr>
            <tr></tr>
            <tr id="com.etiam.testcase.TestSuitOne_test_HelpLink_byClass_PASS7_row"
                class="testMethodStatusPASS">
               <td width="100%" class="firstMethodCell">
                  <a onclick="toggleDetailsVisibility('com.etiam.testcase.TestSuitOne_test_HelpLink_byClass_PASS7_details')">test_HelpLink()</a>
               </td>
               <td nowrap="true">07:05:50</td>
               <td nowrap="true" align="right">490 ms
                  
               </td>
               <td nowrap="true">
                   
                  
               </td>
            </tr>
            <tr>
               <td colspan="4" class="detailsBox">
                  <div id="com.etiam.testcase.TestSuitOne_test_HelpLink_byClass_PASS7_details"
                       class="testMethodDetails">
                     <div>
                        <b>Name: </b>test_HelpLink
                     </div>
                     <div>
                        <b>Signature: </b>test_HelpLink()[pri:0, instance:com.etiam.testcase.TestSuitOne@6e955c85]
                     </div>
                     <div>
                        <b>Start time: </b>07:05:50
                     </div>
                     <div>
                        <b>End time: </b>07:05:51
                     </div>
                     <div>
                        <b>Duration: </b>490 ms
                        
                     </div>
                  </div>
               </td>
            </tr>
            <tr></tr>
            <tr id="com.etiam.testcase.TestSuitOne_test_Logo_byClass_PASS8_row"
                class="testMethodStatusPASS">
               <td width="100%" class="firstMethodCell">
                  <a onclick="toggleDetailsVisibility('com.etiam.testcase.TestSuitOne_test_Logo_byClass_PASS8_details')">test_Logo()</a>
               </td>
               <td nowrap="true">07:05:51</td>
               <td nowrap="true" align="right">90 ms
                  
               </td>
               <td nowrap="true">
                   
                  
               </td>
            </tr>
            <tr>
               <td colspan="4" class="detailsBox">
                  <div id="com.etiam.testcase.TestSuitOne_test_Logo_byClass_PASS8_details"
                       class="testMethodDetails">
                     <div>
                        <b>Name: </b>test_Logo
                     </div>
                     <div>
                        <b>Signature: </b>test_Logo()[pri:0, instance:com.etiam.testcase.TestSuitOne@6e955c85]
                     </div>
                     <div>
                        <b>Start time: </b>07:05:51
                     </div>
                     <div>
                        <b>End time: </b>07:05:51
                     </div>
                     <div>
                        <b>Duration: </b>90 ms
                        
                     </div>
                  </div>
               </td>
            </tr>
            <tr></tr>
            <tr id="com.etiam.testcase.TestSuitOne_test_NextPageButton_byClass_PASS9_row"
                class="testMethodStatusPASS">
               <td width="100%" class="firstMethodCell">
                  <a onclick="toggleDetailsVisibility('com.etiam.testcase.TestSuitOne_test_NextPageButton_byClass_PASS9_details')">test_NextPageButton()</a>
               </td>
               <td nowrap="true">07:05:51</td>
               <td nowrap="true" align="right">18s
                  
               </td>
               <td nowrap="true">
                   
                  
               </td>
            </tr>
            <tr>
               <td colspan="4" class="detailsBox">
                  <div id="com.etiam.testcase.TestSuitOne_test_NextPageButton_byClass_PASS9_details"
                       class="testMethodDetails">
                     <div>
                        <b>Name: </b>test_NextPageButton
                     </div>
                     <div>
                        <b>Signature: </b>test_NextPageButton()[pri:0, instance:com.etiam.testcase.TestSuitOne@6e955c85]
                     </div>
                     <div>
                        <b>Start time: </b>07:05:51
                     </div>
                     <div>
                        <b>End time: </b>07:06:08
                     </div>
                     <div>
                        <b>Duration: </b>18s
                        
                     </div>
                  </div>
               </td>
            </tr>
            <tr></tr>
            <tr id="com.etiam.testcase.TestSuitOne_test_PreviousPageButton_byClass_PASS10_row"
                class="testMethodStatusPASS">
               <td width="100%" class="firstMethodCell">
                  <a onclick="toggleDetailsVisibility('com.etiam.testcase.TestSuitOne_test_PreviousPageButton_byClass_PASS10_details')">test_PreviousPageButton()</a>
               </td>
               <td nowrap="true">07:06:08</td>
               <td nowrap="true" align="right">19s
                  
               </td>
               <td nowrap="true">
                   
                  
               </td>
            </tr>
            <tr>
               <td colspan="4" class="detailsBox">
                  <div id="com.etiam.testcase.TestSuitOne_test_PreviousPageButton_byClass_PASS10_details"
                       class="testMethodDetails">
                     <div>
                        <b>Name: </b>test_PreviousPageButton
                     </div>
                     <div>
                        <b>Signature: </b>test_PreviousPageButton()[pri:0, instance:com.etiam.testcase.TestSuitOne@6e955c85]
                     </div>
                     <div>
                        <b>Start time: </b>07:06:08
                     </div>
                     <div>
                        <b>End time: </b>07:06:27
                     </div>
                     <div>
                        <b>Duration: </b>19s
                        
                     </div>
                  </div>
               </td>
            </tr>
            <tr></tr>
            <tr id="com.etiam.testcase.TestSuitOne_test_PrinciplesOfCRM_byClass_FAIL11_row"
                class="testMethodStatusFAIL">
               <td width="100%" class="firstMethodCell">
                  <a onclick="toggleDetailsVisibility('com.etiam.testcase.TestSuitOne_test_PrinciplesOfCRM_byClass_FAIL11_details')">test_PrinciplesOfCRM()</a>
               </td>
               <td nowrap="true">07:06:27</td>
               <td nowrap="true" align="right">51s
                  
               </td>
               <td nowrap="true">
                  <a onclick="toggleDetailsVisibility('com.etiam.testcase.TestSuitOne_test_PrinciplesOfCRM_byClass_FAIL11_exception')">org.openqa.selenium.NoSuchElementException: 
                     Unable to locate element: {"method":"xpath","selector":"Capabilities_img_1"}
                     Command duration or timeout: 50.40 seconds
                     For documentation on this error, please visit: http://seleniumhq.org/exceptions/no_such_element.html
                     Build info: version: '2.45.0', revision: '32a636c', time: '2015-03-05 22:01:35'
                     System info: host: 'Raghvendra-PC', ip: '192.168.100.103', os.name: 'Windows 7', os.arch: 'amd64', os.version: '6.1', java.version:
                     '1.7.0_51'
                     *** Element info: {Using=xpath, value=Capabilities_img_1}
                     Session ID: 3cf7f388-274d-437c-b7fe-8baa040f79e4
                     Driver info: org.openqa.selenium.firefox.FirefoxDriver
                     Capabilities [{platform=WINDOWS, acceptSslCerts=true, javascriptEnabled=true, cssSelectorsEnabled=true, databaseEnabled=true,
                     browserName=firefox, handlesAlerts=true, nativeEvents=false, webStorageEnabled=true, rotatable=false, locationContextEnabled=true,
                     applicationCacheEnabled=true, takesScreenshot=true, version=38.0}]
                     
                  </a>
                   
                  
               </td>
            </tr>
            <tr>
               <td colspan="4" class="detailsBox">
                  <div id="com.etiam.testcase.TestSuitOne_test_PrinciplesOfCRM_byClass_FAIL11_details"
                       class="testMethodDetails">
                     <div>
                        <b>Name: </b>test_PrinciplesOfCRM
                     </div>
                     <div>
                        <b>Signature: </b>test_PrinciplesOfCRM()[pri:0, instance:com.etiam.testcase.TestSuitOne@6e955c85]
                     </div>
                     <div>
                        <b>Start time: </b>07:06:27
                     </div>
                     <div>
                        <b>End time: </b>07:07:18
                     </div>
                     <div>
                        <b>Duration: </b>51s
                        
                     </div>
                  </div>
               </td>
            </tr>
            <tr>
               <td colspan="4" class="detailsBox">
                  <div id="com.etiam.testcase.TestSuitOne_test_PrinciplesOfCRM_byClass_FAIL11_exception"
                       class="testMethodDetails">
                     <pre style="padding: 5px; margin: 0;">org.openqa.selenium.NoSuchElementException: Unable to locate element: {"method":"xpath","selector":"Capabilities_img_1"}
                        Command duration or timeout: 50.40 seconds
                        For documentation on this error, please visit: http://seleniumhq.org/exceptions/no_such_element.html
                        Build info: version: '2.45.0', revision: '32a636c', time: '2015-03-05 22:01:35'
                        System info: host: 'Raghvendra-PC', ip: '192.168.100.103', os.name: 'Windows 7', os.arch: 'amd64', os.version: '6.1', java.version:
                        '1.7.0_51'
                        *** Element info: {Using=xpath, value=Capabilities_img_1}
                        Session ID: 3cf7f388-274d-437c-b7fe-8baa040f79e4
                        Driver info: org.openqa.selenium.firefox.FirefoxDriver
                        Capabilities [{platform=WINDOWS, acceptSslCerts=true, javascriptEnabled=true, cssSelectorsEnabled=true, databaseEnabled=true,
                        browserName=firefox, handlesAlerts=true, nativeEvents=false, webStorageEnabled=true, rotatable=false, locationContextEnabled=true,
                        applicationCacheEnabled=true, takesScreenshot=true, version=38.0}]
                        	at sun.reflect.NativeConstructorAccessorImpl.newInstance0(Native Method)
                        	at sun.reflect.NativeConstructorAccessorImpl.newInstance(Unknown Source)
                        	at sun.reflect.DelegatingConstructorAccessorImpl.newInstance(Unknown Source)
                        	at java.lang.reflect.Constructor.newInstance(Unknown Source)
                        	at org.openqa.selenium.remote.ErrorHandler.createThrowable(ErrorHandler.java:204)
                        	at org.openqa.selenium.remote.ErrorHandler.throwIfResponseFailed(ErrorHandler.java:156)
                        	at org.openqa.selenium.remote.RemoteWebDriver.execute(RemoteWebDriver.java:599)
                        	at org.openqa.selenium.remote.RemoteWebDriver.findElement(RemoteWebDriver.java:352)
                        	at org.openqa.selenium.remote.RemoteWebDriver.findElementByXPath(RemoteWebDriver.java:449)
                        	at org.openqa.selenium.By$ByXPath.findElement(By.java:357)
                        	at org.openqa.selenium.remote.RemoteWebDriver.findElement(RemoteWebDriver.java:344)
                        	at com.etiam.testcase.TestSuitOne.test_PrinciplesOfCRM(TestSuitOne.java:231)
                        	at sun.reflect.NativeMethodAccessorImpl.invoke0(Native Method)
                        	at sun.reflect.NativeMethodAccessorImpl.invoke(Unknown Source)
                        	at sun.reflect.DelegatingMethodAccessorImpl.invoke(Unknown Source)
                        	at java.lang.reflect.Method.invoke(Unknown Source)
                        	at org.testng.internal.MethodInvocationHelper.invokeMethod(MethodInvocationHelper.java:84)
                        	at org.testng.internal.Invoker.invokeMethod(Invoker.java:714)
                        	at org.testng.internal.Invoker.invokeTestMethod(Invoker.java:901)
                        	at org.testng.internal.Invoker.invokeTestMethods(Invoker.java:1231)
                        	at org.testng.internal.TestMethodWorker.invokeTestMethods(TestMethodWorker.java:127)
                        	at org.testng.internal.TestMethodWorker.run(TestMethodWorker.java:111)
                        	at org.testng.TestRunner.privateRun(TestRunner.java:767)
                        	at org.testng.TestRunner.run(TestRunner.java:617)
                        	at org.testng.SuiteRunner.runTest(SuiteRunner.java:334)
                        	at org.testng.SuiteRunner.runSequentially(SuiteRunner.java:329)
                        	at org.testng.SuiteRunner.privateRun(SuiteRunner.java:291)
                        	at org.testng.SuiteRunner.run(SuiteRunner.java:240)
                        	at org.testng.SuiteRunnerWorker.runSuite(SuiteRunnerWorker.java:52)
                        	at org.testng.SuiteRunnerWorker.run(SuiteRunnerWorker.java:86)
                        	at org.testng.TestNG.runSuitesSequentially(TestNG.java:1224)
                        	at org.testng.TestNG.runSuitesLocally(TestNG.java:1149)
                        	at org.testng.TestNG.run(TestNG.java:1057)
                        	at org.testng.TestNG.privateMain(TestNG.java:1364)
                        	at org.testng.TestNG.main(TestNG.java:1333)
                        Caused by: org.openqa.selenium.NoSuchElementException: Unable to locate element: {"method":"xpath","selector":"Capabilities_img_1"}
                        For documentation on this error, please visit: http://seleniumhq.org/exceptions/no_such_element.html
                        Build info: version: '2.45.0', revision: '32a636c', time: '2015-03-05 22:01:35'
                        System info: host: 'Raghvendra-PC', ip: '192.168.100.103', os.name: 'Windows 7', os.arch: 'amd64', os.version: '6.1', java.version:
                        '1.7.0_51'
                        Driver info: driver.version: unknown
                        	at &lt;anonymous class&gt;.FirefoxDriver.prototype.findElementInternal_(file:///C:/Users/RAGHVE~1.JAD/AppData/Local/Temp/anonymous8181355552288509252webdriver-profile/extensions/fxdriver@googlecode.com/components/driver-component.js:10271)
                        	at &lt;anonymous class&gt;.fxdriver.Timer.prototype.setTimeout/&lt;.notify(file:///C:/Users/RAGHVE~1.JAD/AppData/Local/Temp/anonymous8181355552288509252webdriver-profile/extensions/fxdriver@googlecode.com/components/driver-component.js:603)
                     </pre>
                  </div>
               </td>
            </tr>
            <tr id="com.etiam.testcase.TestSuitOne_test_RefreshPageButton_byClass_FAIL12_row"
                class="testMethodStatusFAIL">
               <td width="100%" class="firstMethodCell">
                  <a onclick="toggleDetailsVisibility('com.etiam.testcase.TestSuitOne_test_RefreshPageButton_byClass_FAIL12_details')">test_RefreshPageButton()</a>
               </td>
               <td nowrap="true">07:07:18</td>
               <td nowrap="true" align="right">52s
                  
               </td>
               <td nowrap="true">
                  <a onclick="toggleDetailsVisibility('com.etiam.testcase.TestSuitOne_test_RefreshPageButton_byClass_FAIL12_exception')">org.openqa.selenium.NoSuchElementException: 
                     Unable to locate element: {"method":"xpath","selector":".//*[@id='btn_refresh']"}
                     Command duration or timeout: 50.08 seconds
                     For documentation on this error, please visit: http://seleniumhq.org/exceptions/no_such_element.html
                     Build info: version: '2.45.0', revision: '32a636c', time: '2015-03-05 22:01:35'
                     System info: host: 'Raghvendra-PC', ip: '192.168.100.103', os.name: 'Windows 7', os.arch: 'amd64', os.version: '6.1', java.version:
                     '1.7.0_51'
                     *** Element info: {Using=xpath, value=.//*[@id='btn_refresh']}
                     Session ID: 3cf7f388-274d-437c-b7fe-8baa040f79e4
                     Driver info: org.openqa.selenium.firefox.FirefoxDriver
                     Capabilities [{platform=WINDOWS, acceptSslCerts=true, javascriptEnabled=true, cssSelectorsEnabled=true, databaseEnabled=true,
                     browserName=firefox, handlesAlerts=true, nativeEvents=false, webStorageEnabled=true, rotatable=false, locationContextEnabled=true,
                     applicationCacheEnabled=true, takesScreenshot=true, version=38.0}]
                     
                  </a>
                   
                  
               </td>
            </tr>
            <tr>
               <td colspan="4" class="detailsBox">
                  <div id="com.etiam.testcase.TestSuitOne_test_RefreshPageButton_byClass_FAIL12_details"
                       class="testMethodDetails">
                     <div>
                        <b>Name: </b>test_RefreshPageButton
                     </div>
                     <div>
                        <b>Signature: </b>test_RefreshPageButton()[pri:0, instance:com.etiam.testcase.TestSuitOne@6e955c85]
                     </div>
                     <div>
                        <b>Start time: </b>07:07:18
                     </div>
                     <div>
                        <b>End time: </b>07:08:10
                     </div>
                     <div>
                        <b>Duration: </b>52s
                        
                     </div>
                  </div>
               </td>
            </tr>
            <tr>
               <td colspan="4" class="detailsBox">
                  <div id="com.etiam.testcase.TestSuitOne_test_RefreshPageButton_byClass_FAIL12_exception"
                       class="testMethodDetails">
                     <pre style="padding: 5px; margin: 0;">org.openqa.selenium.NoSuchElementException: Unable to locate element: {"method":"xpath","selector":".//*[@id='btn_refresh']"}
                        Command duration or timeout: 50.08 seconds
                        For documentation on this error, please visit: http://seleniumhq.org/exceptions/no_such_element.html
                        Build info: version: '2.45.0', revision: '32a636c', time: '2015-03-05 22:01:35'
                        System info: host: 'Raghvendra-PC', ip: '192.168.100.103', os.name: 'Windows 7', os.arch: 'amd64', os.version: '6.1', java.version:
                        '1.7.0_51'
                        *** Element info: {Using=xpath, value=.//*[@id='btn_refresh']}
                        Session ID: 3cf7f388-274d-437c-b7fe-8baa040f79e4
                        Driver info: org.openqa.selenium.firefox.FirefoxDriver
                        Capabilities [{platform=WINDOWS, acceptSslCerts=true, javascriptEnabled=true, cssSelectorsEnabled=true, databaseEnabled=true,
                        browserName=firefox, handlesAlerts=true, nativeEvents=false, webStorageEnabled=true, rotatable=false, locationContextEnabled=true,
                        applicationCacheEnabled=true, takesScreenshot=true, version=38.0}]
                        	at sun.reflect.NativeConstructorAccessorImpl.newInstance0(Native Method)
                        	at sun.reflect.NativeConstructorAccessorImpl.newInstance(Unknown Source)
                        	at sun.reflect.DelegatingConstructorAccessorImpl.newInstance(Unknown Source)
                        	at java.lang.reflect.Constructor.newInstance(Unknown Source)
                        	at org.openqa.selenium.remote.ErrorHandler.createThrowable(ErrorHandler.java:204)
                        	at org.openqa.selenium.remote.ErrorHandler.throwIfResponseFailed(ErrorHandler.java:156)
                        	at org.openqa.selenium.remote.RemoteWebDriver.execute(RemoteWebDriver.java:599)
                        	at org.openqa.selenium.remote.RemoteWebDriver.findElement(RemoteWebDriver.java:352)
                        	at org.openqa.selenium.remote.RemoteWebDriver.findElementByXPath(RemoteWebDriver.java:449)
                        	at org.openqa.selenium.By$ByXPath.findElement(By.java:357)
                        	at org.openqa.selenium.remote.RemoteWebDriver.findElement(RemoteWebDriver.java:344)
                        	at com.etiam.testcase.TestSuitOne.test_RefreshPageButton(TestSuitOne.java:181)
                        	at sun.reflect.NativeMethodAccessorImpl.invoke0(Native Method)
                        	at sun.reflect.NativeMethodAccessorImpl.invoke(Unknown Source)
                        	at sun.reflect.DelegatingMethodAccessorImpl.invoke(Unknown Source)
                        	at java.lang.reflect.Method.invoke(Unknown Source)
                        	at org.testng.internal.MethodInvocationHelper.invokeMethod(MethodInvocationHelper.java:84)
                        	at org.testng.internal.Invoker.invokeMethod(Invoker.java:714)
                        	at org.testng.internal.Invoker.invokeTestMethod(Invoker.java:901)
                        	at org.testng.internal.Invoker.invokeTestMethods(Invoker.java:1231)
                        	at org.testng.internal.TestMethodWorker.invokeTestMethods(TestMethodWorker.java:127)
                        	at org.testng.internal.TestMethodWorker.run(TestMethodWorker.java:111)
                        	at org.testng.TestRunner.privateRun(TestRunner.java:767)
                        	at org.testng.TestRunner.run(TestRunner.java:617)
                        	at org.testng.SuiteRunner.runTest(SuiteRunner.java:334)
                        	at org.testng.SuiteRunner.runSequentially(SuiteRunner.java:329)
                        	at org.testng.SuiteRunner.privateRun(SuiteRunner.java:291)
                        	at org.testng.SuiteRunner.run(SuiteRunner.java:240)
                        	at org.testng.SuiteRunnerWorker.runSuite(SuiteRunnerWorker.java:52)
                        	at org.testng.SuiteRunnerWorker.run(SuiteRunnerWorker.java:86)
                        	at org.testng.TestNG.runSuitesSequentially(TestNG.java:1224)
                        	at org.testng.TestNG.runSuitesLocally(TestNG.java:1149)
                        	at org.testng.TestNG.run(TestNG.java:1057)
                        	at org.testng.TestNG.privateMain(TestNG.java:1364)
                        	at org.testng.TestNG.main(TestNG.java:1333)
                        Caused by: org.openqa.selenium.NoSuchElementException: Unable to locate element: {"method":"xpath","selector":".//*[@id='btn_refresh']"}
                        For documentation on this error, please visit: http://seleniumhq.org/exceptions/no_such_element.html
                        Build info: version: '2.45.0', revision: '32a636c', time: '2015-03-05 22:01:35'
                        System info: host: 'Raghvendra-PC', ip: '192.168.100.103', os.name: 'Windows 7', os.arch: 'amd64', os.version: '6.1', java.version:
                        '1.7.0_51'
                        Driver info: driver.version: unknown
                        	at &lt;anonymous class&gt;.FirefoxDriver.prototype.findElementInternal_(file:///C:/Users/RAGHVE~1.JAD/AppData/Local/Temp/anonymous8181355552288509252webdriver-profile/extensions/fxdriver@googlecode.com/components/driver-component.js:10271)
                        	at &lt;anonymous class&gt;.fxdriver.Timer.prototype.setTimeout/&lt;.notify(file:///C:/Users/RAGHVE~1.JAD/AppData/Local/Temp/anonymous8181355552288509252webdriver-profile/extensions/fxdriver@googlecode.com/components/driver-component.js:603)
                     </pre>
                  </div>
               </td>
            </tr>
            <tr id="com.etiam.testcase.TestSuitOne_test_SidePanelTest_byClass_PASS13_row"
                class="testMethodStatusPASS">
               <td width="100%" class="firstMethodCell">
                  <a onclick="toggleDetailsVisibility('com.etiam.testcase.TestSuitOne_test_SidePanelTest_byClass_PASS13_details')">test_SidePanelTest()</a>
               </td>
               <td nowrap="true">07:08:10</td>
               <td nowrap="true" align="right">50s
                  
               </td>
               <td nowrap="true">
                   
                  
               </td>
            </tr>
            <tr>
               <td colspan="4" class="detailsBox">
                  <div id="com.etiam.testcase.TestSuitOne_test_SidePanelTest_byClass_PASS13_details"
                       class="testMethodDetails">
                     <div>
                        <b>Name: </b>test_SidePanelTest
                     </div>
                     <div>
                        <b>Signature: </b>test_SidePanelTest()[pri:0, instance:com.etiam.testcase.TestSuitOne@6e955c85]
                     </div>
                     <div>
                        <b>Start time: </b>07:08:10
                     </div>
                     <div>
                        <b>End time: </b>07:09:00
                     </div>
                     <div>
                        <b>Duration: </b>50s
                        
                     </div>
                  </div>
               </td>
            </tr>
            <tr></tr>
            <tr id="com.etiam.testcase.TestSuitOne_test_eTOMAssessment1_byClass_FAIL14_row"
                class="testMethodStatusFAIL">
               <td width="100%" class="firstMethodCell">
                  <a onclick="toggleDetailsVisibility('com.etiam.testcase.TestSuitOne_test_eTOMAssessment1_byClass_FAIL14_details')">test_eTOMAssessment1()</a>
               </td>
               <td nowrap="true">07:09:00</td>
               <td nowrap="true" align="right">50s
                  
               </td>
               <td nowrap="true">
                  <a onclick="toggleDetailsVisibility('com.etiam.testcase.TestSuitOne_test_eTOMAssessment1_byClass_FAIL14_exception')">org.openqa.selenium.NoSuchElementException: 
                     Unable to locate element: {"method":"xpath","selector":".//*[@id='nm_item_3']"}
                     Command duration or timeout: 50.11 seconds
                     For documentation on this error, please visit: http://seleniumhq.org/exceptions/no_such_element.html
                     Build info: version: '2.45.0', revision: '32a636c', time: '2015-03-05 22:01:35'
                     System info: host: 'Raghvendra-PC', ip: '192.168.100.103', os.name: 'Windows 7', os.arch: 'amd64', os.version: '6.1', java.version:
                     '1.7.0_51'
                     *** Element info: {Using=xpath, value=.//*[@id='nm_item_3']}
                     Session ID: 3cf7f388-274d-437c-b7fe-8baa040f79e4
                     Driver info: org.openqa.selenium.firefox.FirefoxDriver
                     Capabilities [{platform=WINDOWS, acceptSslCerts=true, javascriptEnabled=true, cssSelectorsEnabled=true, databaseEnabled=true,
                     browserName=firefox, handlesAlerts=true, nativeEvents=false, webStorageEnabled=true, rotatable=false, locationContextEnabled=true,
                     applicationCacheEnabled=true, takesScreenshot=true, version=38.0}]
                     
                  </a>
                   
                  
               </td>
            </tr>
            <tr>
               <td colspan="4" class="detailsBox">
                  <div id="com.etiam.testcase.TestSuitOne_test_eTOMAssessment1_byClass_FAIL14_details"
                       class="testMethodDetails">
                     <div>
                        <b>Name: </b>test_eTOMAssessment1
                     </div>
                     <div>
                        <b>Signature: </b>test_eTOMAssessment1()[pri:0, instance:com.etiam.testcase.TestSuitOne@6e955c85]
                     </div>
                     <div>
                        <b>Start time: </b>07:09:00
                     </div>
                     <div>
                        <b>End time: </b>07:09:50
                     </div>
                     <div>
                        <b>Duration: </b>50s
                        
                     </div>
                  </div>
               </td>
            </tr>
            <tr>
               <td colspan="4" class="detailsBox">
                  <div id="com.etiam.testcase.TestSuitOne_test_eTOMAssessment1_byClass_FAIL14_exception"
                       class="testMethodDetails">
                     <pre style="padding: 5px; margin: 0;">org.openqa.selenium.NoSuchElementException: Unable to locate element: {"method":"xpath","selector":".//*[@id='nm_item_3']"}
                        Command duration or timeout: 50.11 seconds
                        For documentation on this error, please visit: http://seleniumhq.org/exceptions/no_such_element.html
                        Build info: version: '2.45.0', revision: '32a636c', time: '2015-03-05 22:01:35'
                        System info: host: 'Raghvendra-PC', ip: '192.168.100.103', os.name: 'Windows 7', os.arch: 'amd64', os.version: '6.1', java.version:
                        '1.7.0_51'
                        *** Element info: {Using=xpath, value=.//*[@id='nm_item_3']}
                        Session ID: 3cf7f388-274d-437c-b7fe-8baa040f79e4
                        Driver info: org.openqa.selenium.firefox.FirefoxDriver
                        Capabilities [{platform=WINDOWS, acceptSslCerts=true, javascriptEnabled=true, cssSelectorsEnabled=true, databaseEnabled=true,
                        browserName=firefox, handlesAlerts=true, nativeEvents=false, webStorageEnabled=true, rotatable=false, locationContextEnabled=true,
                        applicationCacheEnabled=true, takesScreenshot=true, version=38.0}]
                        	at sun.reflect.NativeConstructorAccessorImpl.newInstance0(Native Method)
                        	at sun.reflect.NativeConstructorAccessorImpl.newInstance(Unknown Source)
                        	at sun.reflect.DelegatingConstructorAccessorImpl.newInstance(Unknown Source)
                        	at java.lang.reflect.Constructor.newInstance(Unknown Source)
                        	at org.openqa.selenium.remote.ErrorHandler.createThrowable(ErrorHandler.java:204)
                        	at org.openqa.selenium.remote.ErrorHandler.throwIfResponseFailed(ErrorHandler.java:156)
                        	at org.openqa.selenium.remote.RemoteWebDriver.execute(RemoteWebDriver.java:599)
                        	at org.openqa.selenium.remote.RemoteWebDriver.findElement(RemoteWebDriver.java:352)
                        	at org.openqa.selenium.remote.RemoteWebDriver.findElementByXPath(RemoteWebDriver.java:449)
                        	at org.openqa.selenium.By$ByXPath.findElement(By.java:357)
                        	at org.openqa.selenium.remote.RemoteWebDriver.findElement(RemoteWebDriver.java:344)
                        	at com.etiam.testcase.TestSuitOne.test_eTOMAssessment1(TestSuitOne.java:257)
                        	at sun.reflect.NativeMethodAccessorImpl.invoke0(Native Method)
                        	at sun.reflect.NativeMethodAccessorImpl.invoke(Unknown Source)
                        	at sun.reflect.DelegatingMethodAccessorImpl.invoke(Unknown Source)
                        	at java.lang.reflect.Method.invoke(Unknown Source)
                        	at org.testng.internal.MethodInvocationHelper.invokeMethod(MethodInvocationHelper.java:84)
                        	at org.testng.internal.Invoker.invokeMethod(Invoker.java:714)
                        	at org.testng.internal.Invoker.invokeTestMethod(Invoker.java:901)
                        	at org.testng.internal.Invoker.invokeTestMethods(Invoker.java:1231)
                        	at org.testng.internal.TestMethodWorker.invokeTestMethods(TestMethodWorker.java:127)
                        	at org.testng.internal.TestMethodWorker.run(TestMethodWorker.java:111)
                        	at org.testng.TestRunner.privateRun(TestRunner.java:767)
                        	at org.testng.TestRunner.run(TestRunner.java:617)
                        	at org.testng.SuiteRunner.runTest(SuiteRunner.java:334)
                        	at org.testng.SuiteRunner.runSequentially(SuiteRunner.java:329)
                        	at org.testng.SuiteRunner.privateRun(SuiteRunner.java:291)
                        	at org.testng.SuiteRunner.run(SuiteRunner.java:240)
                        	at org.testng.SuiteRunnerWorker.runSuite(SuiteRunnerWorker.java:52)
                        	at org.testng.SuiteRunnerWorker.run(SuiteRunnerWorker.java:86)
                        	at org.testng.TestNG.runSuitesSequentially(TestNG.java:1224)
                        	at org.testng.TestNG.runSuitesLocally(TestNG.java:1149)
                        	at org.testng.TestNG.run(TestNG.java:1057)
                        	at org.testng.TestNG.privateMain(TestNG.java:1364)
                        	at org.testng.TestNG.main(TestNG.java:1333)
                        Caused by: org.openqa.selenium.NoSuchElementException: Unable to locate element: {"method":"xpath","selector":".//*[@id='nm_item_3']"}
                        For documentation on this error, please visit: http://seleniumhq.org/exceptions/no_such_element.html
                        Build info: version: '2.45.0', revision: '32a636c', time: '2015-03-05 22:01:35'
                        System info: host: 'Raghvendra-PC', ip: '192.168.100.103', os.name: 'Windows 7', os.arch: 'amd64', os.version: '6.1', java.version:
                        '1.7.0_51'
                        Driver info: driver.version: unknown
                        	at &lt;anonymous class&gt;.FirefoxDriver.prototype.findElementInternal_(file:///C:/Users/RAGHVE~1.JAD/AppData/Local/Temp/anonymous8181355552288509252webdriver-profile/extensions/fxdriver@googlecode.com/components/driver-component.js:10271)
                        	at &lt;anonymous class&gt;.fxdriver.Timer.prototype.setTimeout/&lt;.notify(file:///C:/Users/RAGHVE~1.JAD/AppData/Local/Temp/anonymous8181355552288509252webdriver-profile/extensions/fxdriver@googlecode.com/components/driver-component.js:603)
                     </pre>
                  </div>
               </td>
            </tr>
            <tr id="com.etiam.testcase.TestSuitOne_test_eTOMAssessment2_byClass_FAIL15_row"
                class="testMethodStatusFAIL">
               <td width="100%" class="firstMethodCell">
                  <a onclick="toggleDetailsVisibility('com.etiam.testcase.TestSuitOne_test_eTOMAssessment2_byClass_FAIL15_details')">test_eTOMAssessment2()</a>
               </td>
               <td nowrap="true">07:09:50</td>
               <td nowrap="true" align="right">50s
                  
               </td>
               <td nowrap="true">
                  <a onclick="toggleDetailsVisibility('com.etiam.testcase.TestSuitOne_test_eTOMAssessment2_byClass_FAIL15_exception')">org.openqa.selenium.NoSuchElementException: 
                     Unable to locate element: {"method":"xpath","selector":".//*[@id='nm_item_4']"}
                     Command duration or timeout: 50.13 seconds
                     For documentation on this error, please visit: http://seleniumhq.org/exceptions/no_such_element.html
                     Build info: version: '2.45.0', revision: '32a636c', time: '2015-03-05 22:01:35'
                     System info: host: 'Raghvendra-PC', ip: '192.168.100.103', os.name: 'Windows 7', os.arch: 'amd64', os.version: '6.1', java.version:
                     '1.7.0_51'
                     *** Element info: {Using=xpath, value=.//*[@id='nm_item_4']}
                     Session ID: 3cf7f388-274d-437c-b7fe-8baa040f79e4
                     Driver info: org.openqa.selenium.firefox.FirefoxDriver
                     Capabilities [{platform=WINDOWS, acceptSslCerts=true, javascriptEnabled=true, cssSelectorsEnabled=true, databaseEnabled=true,
                     browserName=firefox, handlesAlerts=true, nativeEvents=false, webStorageEnabled=true, rotatable=false, locationContextEnabled=true,
                     applicationCacheEnabled=true, takesScreenshot=true, version=38.0}]
                     
                  </a>
                   
                  
               </td>
            </tr>
            <tr>
               <td colspan="4" class="detailsBox">
                  <div id="com.etiam.testcase.TestSuitOne_test_eTOMAssessment2_byClass_FAIL15_details"
                       class="testMethodDetails">
                     <div>
                        <b>Name: </b>test_eTOMAssessment2
                     </div>
                     <div>
                        <b>Signature: </b>test_eTOMAssessment2()[pri:0, instance:com.etiam.testcase.TestSuitOne@6e955c85]
                     </div>
                     <div>
                        <b>Start time: </b>07:09:50
                     </div>
                     <div>
                        <b>End time: </b>07:10:40
                     </div>
                     <div>
                        <b>Duration: </b>50s
                        
                     </div>
                  </div>
               </td>
            </tr>
            <tr>
               <td colspan="4" class="detailsBox">
                  <div id="com.etiam.testcase.TestSuitOne_test_eTOMAssessment2_byClass_FAIL15_exception"
                       class="testMethodDetails">
                     <pre style="padding: 5px; margin: 0;">org.openqa.selenium.NoSuchElementException: Unable to locate element: {"method":"xpath","selector":".//*[@id='nm_item_4']"}
                        Command duration or timeout: 50.13 seconds
                        For documentation on this error, please visit: http://seleniumhq.org/exceptions/no_such_element.html
                        Build info: version: '2.45.0', revision: '32a636c', time: '2015-03-05 22:01:35'
                        System info: host: 'Raghvendra-PC', ip: '192.168.100.103', os.name: 'Windows 7', os.arch: 'amd64', os.version: '6.1', java.version:
                        '1.7.0_51'
                        *** Element info: {Using=xpath, value=.//*[@id='nm_item_4']}
                        Session ID: 3cf7f388-274d-437c-b7fe-8baa040f79e4
                        Driver info: org.openqa.selenium.firefox.FirefoxDriver
                        Capabilities [{platform=WINDOWS, acceptSslCerts=true, javascriptEnabled=true, cssSelectorsEnabled=true, databaseEnabled=true,
                        browserName=firefox, handlesAlerts=true, nativeEvents=false, webStorageEnabled=true, rotatable=false, locationContextEnabled=true,
                        applicationCacheEnabled=true, takesScreenshot=true, version=38.0}]
                        	at sun.reflect.NativeConstructorAccessorImpl.newInstance0(Native Method)
                        	at sun.reflect.NativeConstructorAccessorImpl.newInstance(Unknown Source)
                        	at sun.reflect.DelegatingConstructorAccessorImpl.newInstance(Unknown Source)
                        	at java.lang.reflect.Constructor.newInstance(Unknown Source)
                        	at org.openqa.selenium.remote.ErrorHandler.createThrowable(ErrorHandler.java:204)
                        	at org.openqa.selenium.remote.ErrorHandler.throwIfResponseFailed(ErrorHandler.java:156)
                        	at org.openqa.selenium.remote.RemoteWebDriver.execute(RemoteWebDriver.java:599)
                        	at org.openqa.selenium.remote.RemoteWebDriver.findElement(RemoteWebDriver.java:352)
                        	at org.openqa.selenium.remote.RemoteWebDriver.findElementByXPath(RemoteWebDriver.java:449)
                        	at org.openqa.selenium.By$ByXPath.findElement(By.java:357)
                        	at org.openqa.selenium.remote.RemoteWebDriver.findElement(RemoteWebDriver.java:344)
                        	at com.etiam.testcase.TestSuitOne.test_eTOMAssessment2(TestSuitOne.java:291)
                        	at sun.reflect.NativeMethodAccessorImpl.invoke0(Native Method)
                        	at sun.reflect.NativeMethodAccessorImpl.invoke(Unknown Source)
                        	at sun.reflect.DelegatingMethodAccessorImpl.invoke(Unknown Source)
                        	at java.lang.reflect.Method.invoke(Unknown Source)
                        	at org.testng.internal.MethodInvocationHelper.invokeMethod(MethodInvocationHelper.java:84)
                        	at org.testng.internal.Invoker.invokeMethod(Invoker.java:714)
                        	at org.testng.internal.Invoker.invokeTestMethod(Invoker.java:901)
                        	at org.testng.internal.Invoker.invokeTestMethods(Invoker.java:1231)
                        	at org.testng.internal.TestMethodWorker.invokeTestMethods(TestMethodWorker.java:127)
                        	at org.testng.internal.TestMethodWorker.run(TestMethodWorker.java:111)
                        	at org.testng.TestRunner.privateRun(TestRunner.java:767)
                        	at org.testng.TestRunner.run(TestRunner.java:617)
                        	at org.testng.SuiteRunner.runTest(SuiteRunner.java:334)
                        	at org.testng.SuiteRunner.runSequentially(SuiteRunner.java:329)
                        	at org.testng.SuiteRunner.privateRun(SuiteRunner.java:291)
                        	at org.testng.SuiteRunner.run(SuiteRunner.java:240)
                        	at org.testng.SuiteRunnerWorker.runSuite(SuiteRunnerWorker.java:52)
                        	at org.testng.SuiteRunnerWorker.run(SuiteRunnerWorker.java:86)
                        	at org.testng.TestNG.runSuitesSequentially(TestNG.java:1224)
                        	at org.testng.TestNG.runSuitesLocally(TestNG.java:1149)
                        	at org.testng.TestNG.run(TestNG.java:1057)
                        	at org.testng.TestNG.privateMain(TestNG.java:1364)
                        	at org.testng.TestNG.main(TestNG.java:1333)
                        Caused by: org.openqa.selenium.NoSuchElementException: Unable to locate element: {"method":"xpath","selector":".//*[@id='nm_item_4']"}
                        For documentation on this error, please visit: http://seleniumhq.org/exceptions/no_such_element.html
                        Build info: version: '2.45.0', revision: '32a636c', time: '2015-03-05 22:01:35'
                        System info: host: 'Raghvendra-PC', ip: '192.168.100.103', os.name: 'Windows 7', os.arch: 'amd64', os.version: '6.1', java.version:
                        '1.7.0_51'
                        Driver info: driver.version: unknown
                        	at &lt;anonymous class&gt;.FirefoxDriver.prototype.findElementInternal_(file:///C:/Users/RAGHVE~1.JAD/AppData/Local/Temp/anonymous8181355552288509252webdriver-profile/extensions/fxdriver@googlecode.com/components/driver-component.js:10271)
                        	at &lt;anonymous class&gt;.fxdriver.Timer.prototype.setTimeout/&lt;.notify(file:///C:/Users/RAGHVE~1.JAD/AppData/Local/Temp/anonymous8181355552288509252webdriver-profile/extensions/fxdriver@googlecode.com/components/driver-component.js:603)
                     </pre>
                  </div>
               </td>
            </tr>
            <tr id="com.etiam.testcase.TestSuitOne_finishTesting_byClass_PASS16_row"
                class="testMethodStatusPASS testMethodStatusCONF">
               <td width="100%" class="firstMethodCell">
                  <a onclick="toggleDetailsVisibility('com.etiam.testcase.TestSuitOne_finishTesting_byClass_PASS16_details')">finishTesting()</a>
               </td>
               <td nowrap="true">07:10:40</td>
               <td nowrap="true" align="right">9s
                  
               </td>
               <td nowrap="true">
                   
                  
               </td>
            </tr>
            <tr>
               <td colspan="4" class="detailsBox">
                  <div id="com.etiam.testcase.TestSuitOne_finishTesting_byClass_PASS16_details"
                       class="testMethodDetails">
                     <div>
                        <b>Name: </b>finishTesting
                     </div>
                     <div>
                        <b>Signature: </b>finishTesting()[pri:0, instance:com.etiam.testcase.TestSuitOne@6e955c85]
                     </div>
                     <div>
                        <b>Start time: </b>07:10:40
                     </div>
                     <div>
                        <b>End time: </b>07:10:49
                     </div>
                     <div>
                        <b>Duration: </b>9s
                        
                     </div>
                  </div>
               </td>
            </tr>
            <tr></tr>
         </table>
         <br></br>
      </div>
      <div style="margin-top: 15px; color: gray; text-align: center; font-size: 9px;">
         Generated with
         
         <a href="http://code.google.com/p/testng-xslt/" style="color: #8888aa;"
            target="_blank">
            TestNG XSLT
            
         </a>
      </div>
   </body>
</html>