<?xml version="1.0" encoding="UTF-8"?>
<!-- Generated by org.testng.reporters.JUnitXMLReporter -->
<testsuite hostname="Pradeeppandey" name="Default test" tests="16" failures="0" timestamp="18 Jun 2015 09:40:48 GMT" time="46.261" errors="0">
  <testcase name="test_NextPageButton" time="3.843" classname="com.etiam.testcase.Footer"/>
  <testcase name="test_PreviousPageButton" time="3.391" classname="com.etiam.testcase.Footer"/>
  <testcase name="test_RefreshPageButton" time="0.5" classname="com.etiam.testcase.Footer"/>
  <testcase name="test_Logo" time="0.109" classname="com.etiam.testcase.Header_title"/>
  <testcase name="test_Title" time="0.375" classname="com.etiam.testcase.Header_title"/>
  <testcase name="test_DownloadPDF" time="0.219" classname="com.etiam.testcase.Header_hstrip"/>
  <testcase name="test_ExitCourseButton" time="2.531" classname="com.etiam.testcase.Header_hstrip"/>
  <testcase name="test_GlossaryLink" time="0.719" classname="com.etiam.testcase.Header_hstrip"/>
  <testcase name="test_HelpLink" time="0.685" classname="com.etiam.testcase.Header_hstrip"/>
  <testcase name="test_CapabilitiesOfCRM" time="4.415" classname="com.etiam.testcase.LeftPanel"/>
  <testcase name="test_FrontEndAndBackendFunctions" time="2.758" classname="com.etiam.testcase.LeftPanel"/>
  <testcase name="test_PrinciplesOfCRM" time="3.988" classname="com.etiam.testcase.LeftPanel"/>
  <testcase name="test_eTOMAssessment1" time="15.24" classname="com.etiam.testcase.LeftPanel"/>
  <testcase name="test_eTOMAssessment2" time="5.269" classname="com.etiam.testcase.LeftPanel"/>
  <testcase name="test_checkUncheckLeftPanel" time="1.64" classname="com.etiam.testcase.CSSValidation"/>
  <testcase name="testHover" time="0.579" classname="com.etiam.testcase.Hover"/>
</testsuite> <!-- Default test -->
