<?xml version="1.0" encoding="UTF-8"?>
<!-- Generated by org.testng.reporters.JUnitXMLReporter -->
<testsuite hostname="Pradeeppandey" name="FooterTest" tests="3" failures="0" timestamp="2 Jul 2015 09:10:48 GMT" time="6.671" errors="0">
  <testcase name="test_NextPageButton" time="2.991" classname="com.etiam.testcase.Footer"/>
  <testcase name="test_PreviousPageButton" time="3.06" classname="com.etiam.testcase.Footer"/>
  <testcase name="test_RefreshPageButton" time="0.62" classname="com.etiam.testcase.Footer"/>
</testsuite> <!-- FooterTest -->
