<?xml version="1.0" encoding="UTF-8"?>
<!-- Generated by org.testng.reporters.JUnitXMLReporter -->
<testsuite hostname="Pradeeppandey" name="HeaderTest" tests="4" failures="0" timestamp="2 Jul 2015 09:10:41 GMT" time="6.921" errors="0">
  <testcase name="test_DownloadPDF" time="1.2" classname="com.etiam.testcase.Header_hstrip"/>
  <testcase name="test_ExitCourseButton" time="4.306" classname="com.etiam.testcase.Header_hstrip"/>
  <testcase name="test_GlossaryLink" time="0.735" classname="com.etiam.testcase.Header_hstrip"/>
  <testcase name="test_HelpLink" time="0.675" classname="com.etiam.testcase.Header_hstrip"/>
</testsuite> <!-- HeaderTest -->
